2017-05-23 11:17:27,759 - sanusha - ERROR -  argument 1110748700 mismatch for the command SCHEDULE_SERVICEGROUP_SVC_DOWNTIME !
None
2017-05-23 11:17:27,760 - sanusha - ERROR - argument length mismatch for the command SCHEDULE_HOSTGROUP_HOST_DOWNTIME !
None
2017-05-23 11:17:27,760 - sanusha - ERROR - command NABLE_SERVICEGROUP_SVC_CHECKS mismatch!
None
2017-05-23 11:17:27,761 - sanusha - ERROR -  argument jhsn mismatch for the command SCHEDULE_SERVICEGROUP_HOST_DOWNTIME !
None
2017-05-23 11:17:27,761 - sanusha - ERROR -  argument 1110748700 mismatch for the command SCHEDULE_SERVICEGROUP_HOST_DOWNTIME !
None
2017-05-23 11:19:28,014 - sanusha - ERROR -  argument kjxq mismatch for the command SCHEDULE_SERVICEGROUP_SVC_DOWNTIME !
None
 argument kjxq mismatch for the command SCHEDULE_SERVICEGROUP_SVC_DOWNTIME !
None
2017-05-23 11:19:28,014 - sanusha - ERROR -  argument 1110748700 mismatch for the command SCHEDULE_SERVICEGROUP_SVC_DOWNTIME !
None
 argument 1110748700 mismatch for the command SCHEDULE_SERVICEGROUP_SVC_DOWNTIME !
None
2017-05-23 11:19:28,015 - sanusha - ERROR - argument length mismatch for the command SCHEDULE_HOSTGROUP_HOST_DOWNTIME !
None
argument length mismatch for the command SCHEDULE_HOSTGROUP_HOST_DOWNTIME !
None
2017-05-23 11:19:28,015 - sanusha - ERROR - command NABLE_SERVICEGROUP_SVC_CHECKS mismatch!
None
command NABLE_SERVICEGROUP_SVC_CHECKS mismatch!
None
2017-05-23 11:19:28,015 - sanusha - ERROR -  argument jhsn mismatch for the command SCHEDULE_SERVICEGROUP_HOST_DOWNTIME !
None
 argument jhsn mismatch for the command SCHEDULE_SERVICEGROUP_HOST_DOWNTIME !
None
2017-05-23 11:19:28,016 - sanusha - ERROR -  argument 1110748700 mismatch for the command SCHEDULE_SERVICEGROUP_HOST_DOWNTIME !
None
 argument 1110748700 mismatch for the command SCHEDULE_SERVICEGROUP_HOST_DOWNTIME !
None
2017-05-23 11:21:39,172 - sanusha - ERROR -  argument kjxq mismatch for the command SCHEDULE_SERVICEGROUP_SVC_DOWNTIME !
None
 argument kjxq mismatch for the command SCHEDULE_SERVICEGROUP_SVC_DOWNTIME !
None
2017-05-23 11:21:39,172 - sanusha - ERROR -  argument 1110748700 mismatch for the command SCHEDULE_SERVICEGROUP_SVC_DOWNTIME !
None
 argument 1110748700 mismatch for the command SCHEDULE_SERVICEGROUP_SVC_DOWNTIME !
None
2017-05-23 11:21:39,173 - sanusha - ERROR - argument length mismatch for the command SCHEDULE_HOSTGROUP_HOST_DOWNTIME !
None
argument length mismatch for the command SCHEDULE_HOSTGROUP_HOST_DOWNTIME !
None
2017-05-23 11:21:39,173 - sanusha - ERROR - command NABLE_SERVICEGROUP_SVC_CHECKS mismatch!
None
command NABLE_SERVICEGROUP_SVC_CHECKS mismatch!
None
2017-05-23 11:21:39,174 - sanusha - ERROR -  argument jhsn mismatch for the command SCHEDULE_SERVICEGROUP_HOST_DOWNTIME !
None
 argument jhsn mismatch for the command SCHEDULE_SERVICEGROUP_HOST_DOWNTIME !
None
2017-05-23 11:21:39,174 - sanusha - ERROR -  argument 1110748700 mismatch for the command SCHEDULE_SERVICEGROUP_HOST_DOWNTIME !
None
 argument 1110748700 mismatch for the command SCHEDULE_SERVICEGROUP_HOST_DOWNTIME !
None
 argument kjxq mismatch for the command SCHEDULE_SERVICEGROUP_SVC_DOWNTIME !
None
 argument 1110748700 mismatch for the command SCHEDULE_SERVICEGROUP_SVC_DOWNTIME !
None
argument length mismatch for the command SCHEDULE_HOSTGROUP_HOST_DOWNTIME !
None
command NABLE_SERVICEGROUP_SVC_CHECKS mismatch!
None
 argument jhsn mismatch for the command SCHEDULE_SERVICEGROUP_HOST_DOWNTIME !
None
 argument 1110748700 mismatch for the command SCHEDULE_SERVICEGROUP_HOST_DOWNTIME !
None
2017-05-23 11:28:25,648 - sanusha - ERROR -  argument kjxq mismatch for the command SCHEDULE_SERVICEGROUP_SVC_DOWNTIME !
None
2017-05-23 11:28:25,649 - sanusha - ERROR -  argument 1110748700 mismatch for the command SCHEDULE_SERVICEGROUP_SVC_DOWNTIME !
None
2017-05-23 11:28:25,649 - sanusha - ERROR - argument length mismatch for the command SCHEDULE_HOSTGROUP_HOST_DOWNTIME !
None
2017-05-23 11:28:25,650 - sanusha - ERROR - command NABLE_SERVICEGROUP_SVC_CHECKS mismatch!
None
2017-05-23 11:28:25,650 - sanusha - ERROR -  argument jhsn mismatch for the command SCHEDULE_SERVICEGROUP_HOST_DOWNTIME !
None
2017-05-23 11:28:25,650 - sanusha - ERROR -  argument 1110748700 mismatch for the command SCHEDULE_SERVICEGROUP_HOST_DOWNTIME !
None
2017-05-24 11:17:09,711 - sanusha - ERROR - command SCHEDULE_SERVICEGROUP_SVC_DOWNTIME mismatch!
None
2017-05-24 11:17:09,711 - sanusha - ERROR - command ENABLE_HOSTGROUP_HOST_CHECKS mismatch!
None
2017-05-24 11:17:09,712 - sanusha - ERROR - command ENABLE_HOSTGROUP_HOST_NOTIFICATIONS mismatch!
None
2017-05-24 11:17:09,712 - sanusha - ERROR - command ENABLE_HOSTGROUP_PASSIVE_HOST_CHECKS mismatch!
None
2017-05-24 11:17:09,712 - sanusha - ERROR - command ENABLE_HOSTGROUP_PASSIVE_SVC_CHECKS mismatch!
None
2017-05-24 11:17:09,712 - sanusha - ERROR - command ENABLE_HOSTGROUP_SVC_CHECKS mismatch!
None
2017-05-24 11:17:09,712 - sanusha - ERROR - command ENABLE_HOSTGROUP_SVC_NOTIFICATIONS mismatch!
None
2017-05-24 11:17:09,712 - sanusha - ERROR - command SCHEDULE_HOSTGROUP_HOST_DOWNTIME mismatch!
None
2017-05-24 11:17:09,712 - sanusha - ERROR - command SCHEDULE_HOSTGROUP_SVC_DOWNTIME mismatch!
None
2017-05-24 11:17:09,713 - sanusha - ERROR - command ENABLE_SERVICEGROUP_HOST_CHECKS mismatch!
None
2017-05-24 11:17:09,713 - sanusha - ERROR - command ENABLE_SERVICEGROUP_HOST_NOTIFICATIONS mismatch!
None
2017-05-24 11:17:09,713 - sanusha - ERROR - command ENABLE_SERVICEGROUP_PASSIVE_HOST_CHECKS mismatch!
None
2017-05-24 11:17:09,713 - sanusha - ERROR - command ENABLE_SERVICEGROUP_PASSIVE_SVC_CHECKS mismatch!
None
2017-05-24 11:17:09,713 - sanusha - ERROR - command NABLE_SERVICEGROUP_SVC_CHECKS mismatch!
None
2017-05-24 11:17:09,713 - sanusha - ERROR - command SCHEDULE_SERVICEGROUP_HOST_DOWNTIME mismatch!
None
2017-05-24 11:17:09,713 - sanusha - ERROR - command ENABLE_SERVICEGROUP_SVC_NOTIFICATIONS mismatch!
None
2017-05-24 11:22:07,063 - sanusha - ERROR - command SCHEDULE_SERVICEGROUP_SVC_DOWNTIME mismatch!
None
2017-05-24 11:22:07,063 - sanusha - ERROR - command ENABLE_HOSTGROUP_HOST_CHECKS mismatch!
None
2017-05-24 11:22:07,063 - sanusha - ERROR - command ENABLE_HOSTGROUP_HOST_NOTIFICATIONS mismatch!
None
2017-05-24 11:22:07,063 - sanusha - ERROR - command ENABLE_HOSTGROUP_PASSIVE_HOST_CHECKS mismatch!
None
2017-05-24 11:22:07,064 - sanusha - ERROR - command ENABLE_HOSTGROUP_PASSIVE_SVC_CHECKS mismatch!
None
2017-05-24 11:22:07,064 - sanusha - ERROR - command ENABLE_HOSTGROUP_SVC_CHECKS mismatch!
None
2017-05-24 11:22:07,064 - sanusha - ERROR - command ENABLE_HOSTGROUP_SVC_NOTIFICATIONS mismatch!
None
2017-05-24 11:22:07,064 - sanusha - ERROR - command SCHEDULE_HOSTGROUP_HOST_DOWNTIME mismatch!
None
2017-05-24 11:22:07,064 - sanusha - ERROR - command SCHEDULE_HOSTGROUP_SVC_DOWNTIME mismatch!
None
2017-05-24 11:22:07,064 - sanusha - ERROR - command ENABLE_SERVICEGROUP_HOST_CHECKS mismatch!
None
2017-05-24 11:22:07,064 - sanusha - ERROR - command ENABLE_SERVICEGROUP_HOST_NOTIFICATIONS mismatch!
None
2017-05-24 11:22:07,064 - sanusha - ERROR - command ENABLE_SERVICEGROUP_PASSIVE_HOST_CHECKS mismatch!
None
2017-05-24 11:22:07,065 - sanusha - ERROR - command ENABLE_SERVICEGROUP_PASSIVE_SVC_CHECKS mismatch!
None
2017-05-24 11:22:07,065 - sanusha - ERROR - command NABLE_SERVICEGROUP_SVC_CHECKS mismatch!
None
2017-05-24 11:22:07,065 - sanusha - ERROR - command SCHEDULE_SERVICEGROUP_HOST_DOWNTIME mismatch!
None
2017-05-24 11:22:07,065 - sanusha - ERROR - command ENABLE_SERVICEGROUP_SVC_NOTIFICATIONS mismatch!
None
2017-05-24 11:26:01,137 - sanusha - ERROR - command SCHEDULE_SERVICEGROUP_SVC_DOWNTIME mismatch!
None
2017-05-24 11:26:01,137 - sanusha - ERROR - command ENABLE_HOSTGROUP_HOST_CHECKS mismatch!
None
2017-05-24 11:26:01,137 - sanusha - ERROR - command ENABLE_HOSTGROUP_HOST_NOTIFICATIONS mismatch!
None
2017-05-24 11:26:01,137 - sanusha - ERROR - command ENABLE_HOSTGROUP_PASSIVE_HOST_CHECKS mismatch!
None
2017-05-24 11:26:01,138 - sanusha - ERROR - command ENABLE_HOSTGROUP_PASSIVE_SVC_CHECKS mismatch!
None
2017-05-24 11:26:01,138 - sanusha - ERROR - command ENABLE_HOSTGROUP_SVC_CHECKS mismatch!
None
2017-05-24 11:26:01,138 - sanusha - ERROR - command ENABLE_HOSTGROUP_SVC_NOTIFICATIONS mismatch!
None
2017-05-24 11:26:01,138 - sanusha - ERROR - command SCHEDULE_HOSTGROUP_HOST_DOWNTIME mismatch!
None
2017-05-24 11:26:01,138 - sanusha - ERROR - command SCHEDULE_HOSTGROUP_SVC_DOWNTIME mismatch!
None
2017-05-24 11:26:01,138 - sanusha - ERROR - command ENABLE_SERVICEGROUP_HOST_CHECKS mismatch!
None
2017-05-24 11:26:01,138 - sanusha - ERROR - command ENABLE_SERVICEGROUP_HOST_NOTIFICATIONS mismatch!
None
2017-05-24 11:26:01,139 - sanusha - ERROR - command ENABLE_SERVICEGROUP_PASSIVE_HOST_CHECKS mismatch!
None
2017-05-24 11:26:01,139 - sanusha - ERROR - command ENABLE_SERVICEGROUP_PASSIVE_SVC_CHECKS mismatch!
None
2017-05-24 11:26:01,139 - sanusha - ERROR - command NABLE_SERVICEGROUP_SVC_CHECKS mismatch!
None
2017-05-24 11:26:01,139 - sanusha - ERROR - command SCHEDULE_SERVICEGROUP_HOST_DOWNTIME mismatch!
None
2017-05-24 11:26:01,139 - sanusha - ERROR - command ENABLE_SERVICEGROUP_SVC_NOTIFICATIONS mismatch!
None
2017-05-24 11:27:04,224 - sanusha - ERROR -  argument kjxq mismatch for the command SCHEDULE_SERVICEGROUP_SVC_DOWNTIME !
None
2017-05-24 11:27:04,225 - sanusha - ERROR -  argument 1110748700 mismatch for the command SCHEDULE_SERVICEGROUP_SVC_DOWNTIME !
None
2017-05-24 11:27:04,225 - sanusha - ERROR - argument length mismatch for the command SCHEDULE_HOSTGROUP_HOST_DOWNTIME !
None
2017-05-24 11:27:04,226 - sanusha - ERROR - command NABLE_SERVICEGROUP_SVC_CHECKS mismatch!
None
2017-05-24 11:27:04,226 - sanusha - ERROR -  argument jhsn mismatch for the command SCHEDULE_SERVICEGROUP_HOST_DOWNTIME !
None
2017-05-24 11:27:04,226 - sanusha - ERROR -  argument 1110748700 mismatch for the command SCHEDULE_SERVICEGROUP_HOST_DOWNTIME !
None
2017-05-24 11:28:45,110 - sanusha - ERROR - command SCHEDULE_SERVICEGROUP_SVC_DOWNTIME mismatch!
None
2017-05-24 11:28:45,111 - sanusha - ERROR - command ENABLE_HOSTGROUP_HOST_CHECKS mismatch!
None
2017-05-24 11:28:45,111 - sanusha - ERROR - command ENABLE_HOSTGROUP_HOST_NOTIFICATIONS mismatch!
None
2017-05-24 11:28:45,111 - sanusha - ERROR - command ENABLE_HOSTGROUP_PASSIVE_HOST_CHECKS mismatch!
None
2017-05-24 11:28:45,111 - sanusha - ERROR - command ENABLE_HOSTGROUP_PASSIVE_SVC_CHECKS mismatch!
None
2017-05-24 11:28:45,111 - sanusha - ERROR - command ENABLE_HOSTGROUP_SVC_CHECKS mismatch!
None
2017-05-24 11:28:45,111 - sanusha - ERROR - command ENABLE_HOSTGROUP_SVC_NOTIFICATIONS mismatch!
None
2017-05-24 11:28:45,112 - sanusha - ERROR - command SCHEDULE_HOSTGROUP_HOST_DOWNTIME mismatch!
None
2017-05-24 11:28:45,112 - sanusha - ERROR - command SCHEDULE_HOSTGROUP_SVC_DOWNTIME mismatch!
None
2017-05-24 11:28:45,112 - sanusha - ERROR - command ENABLE_SERVICEGROUP_HOST_CHECKS mismatch!
None
2017-05-24 11:28:45,112 - sanusha - ERROR - command ENABLE_SERVICEGROUP_HOST_NOTIFICATIONS mismatch!
None
2017-05-24 11:28:45,112 - sanusha - ERROR - command ENABLE_SERVICEGROUP_PASSIVE_HOST_CHECKS mismatch!
None
2017-05-24 11:28:45,113 - sanusha - ERROR - command ENABLE_SERVICEGROUP_PASSIVE_SVC_CHECKS mismatch!
None
2017-05-24 11:28:45,113 - sanusha - ERROR - command NABLE_SERVICEGROUP_SVC_CHECKS mismatch!
None
2017-05-24 11:28:45,113 - sanusha - ERROR - command SCHEDULE_SERVICEGROUP_HOST_DOWNTIME mismatch!
None
2017-05-24 11:28:45,113 - sanusha - ERROR - command ENABLE_SERVICEGROUP_SVC_NOTIFICATIONS mismatch!
None
2017-05-24 12:46:32,349 - sanusha - ERROR -  argument kjxq mismatch for the command SCHEDULE_SERVICEGROUP_SVC_DOWNTIME !
None
2017-05-24 12:46:32,349 - sanusha - ERROR -  argument 1110748700 mismatch for the command SCHEDULE_SERVICEGROUP_SVC_DOWNTIME !
None
2017-05-24 12:46:32,350 - sanusha - ERROR - argument length mismatch for the command SCHEDULE_HOSTGROUP_HOST_DOWNTIME !
None
2017-05-24 12:46:32,350 - sanusha - ERROR - command NABLE_SERVICEGROUP_SVC_CHECKS mismatch!
None
2017-05-24 12:46:32,350 - sanusha - ERROR -  argument jhsn mismatch for the command SCHEDULE_SERVICEGROUP_HOST_DOWNTIME !
None
2017-05-24 12:46:32,351 - sanusha - ERROR -  argument 1110748700 mismatch for the command SCHEDULE_SERVICEGROUP_HOST_DOWNTIME !
None
2017-05-24 13:14:37,422 - sanusha - ERROR -  argument kjxq mismatch for the command SCHEDULE_SERVICEGROUP_SVC_DOWNTIME !
None
2017-05-24 13:14:37,423 - sanusha - ERROR -  argument 1110748700 mismatch for the command SCHEDULE_SERVICEGROUP_SVC_DOWNTIME !
None
2017-05-24 13:14:37,423 - sanusha - ERROR - argument length mismatch for the command SCHEDULE_HOSTGROUP_HOST_DOWNTIME !
None
2017-05-24 13:14:37,424 - sanusha - ERROR - command NABLE_SERVICEGROUP_SVC_CHECKS mismatch!
None
2017-05-24 13:14:37,424 - sanusha - ERROR -  argument jhsn mismatch for the command SCHEDULE_SERVICEGROUP_HOST_DOWNTIME !
None
2017-05-24 13:14:37,424 - sanusha - ERROR -  argument 1110748700 mismatch for the command SCHEDULE_SERVICEGROUP_HOST_DOWNTIME !
None
2017-05-24 14:17:50,688 - sanusha - ERROR -  argument kjxq mismatch for the command SCHEDULE_SERVICEGROUP_SVC_DOWNTIME !
None
2017-05-24 14:17:50,689 - sanusha - ERROR -  argument 1110748700 mismatch for the command SCHEDULE_SERVICEGROUP_SVC_DOWNTIME !
None
2017-05-24 14:17:50,689 - sanusha - ERROR - argument length mismatch for the command SCHEDULE_HOSTGROUP_HOST_DOWNTIME !
None
2017-05-24 14:17:50,690 - sanusha - ERROR - command NABLE_SERVICEGROUP_SVC_CHECKS mismatch!
None
2017-05-24 14:17:50,690 - sanusha - ERROR -  argument jhsn mismatch for the command SCHEDULE_SERVICEGROUP_HOST_DOWNTIME !
None
2017-05-24 14:17:50,690 - sanusha - ERROR -  argument 1110748700 mismatch for the command SCHEDULE_SERVICEGROUP_HOST_DOWNTIME !
None
2017-05-24 14:22:28,602 - sanusha - ERROR -  argument kjxq mismatch for the command SCHEDULE_SERVICEGROUP_SVC_DOWNTIME !
None
2017-05-24 14:22:28,602 - sanusha - ERROR -  argument 1110748700 mismatch for the command SCHEDULE_SERVICEGROUP_SVC_DOWNTIME !
None
2017-05-24 14:22:28,603 - sanusha - ERROR - argument length mismatch for the command SCHEDULE_HOSTGROUP_HOST_DOWNTIME !
None
2017-05-24 14:22:28,603 - sanusha - ERROR - command NABLE_SERVICEGROUP_SVC_CHECKS mismatch!
None
2017-05-24 14:22:28,604 - sanusha - ERROR -  argument jhsn mismatch for the command SCHEDULE_SERVICEGROUP_HOST_DOWNTIME !
None
2017-05-24 14:22:28,604 - sanusha - ERROR -  argument 1110748700 mismatch for the command SCHEDULE_SERVICEGROUP_HOST_DOWNTIME !
None
2017-05-24 16:48:33,950 - sanusha - ERROR -  argument kjxq mismatch for the command SCHEDULE_SERVICEGROUP_SVC_DOWNTIME !
None
2017-05-24 16:48:33,950 - sanusha - ERROR -  argument 1110748700 mismatch for the command SCHEDULE_SERVICEGROUP_SVC_DOWNTIME !
None
2017-05-24 16:48:33,950 - sanusha - ERROR - argument length mismatch for the command SCHEDULE_HOSTGROUP_HOST_DOWNTIME !
None
2017-05-24 16:48:33,951 - sanusha - ERROR - command NABLE_SERVICEGROUP_SVC_CHECKS mismatch!
None
2017-05-24 16:48:33,951 - sanusha - ERROR -  argument jhsn mismatch for the command SCHEDULE_SERVICEGROUP_HOST_DOWNTIME !
None
2017-05-24 16:48:33,951 - sanusha - ERROR -  argument 1110748700 mismatch for the command SCHEDULE_SERVICEGROUP_HOST_DOWNTIME !
None
