0 info it worked if it ends with ok
1 verbose cli [ '/Users/dominik/.nvm/versions/node/v6.7.0/bin/node',
1 verbose cli   '/Users/dominik/.nvm/versions/node/v6.7.0/bin/npm',
1 verbose cli   'run',
1 verbose cli   'watch-js' ]
2 info using npm@4.1.1
3 info using node@v6.7.0
4 verbose stack Error: ENOENT: no such file or directory, open '/Users/dominik/Projects/beancount/fava/fava/package.json'
4 verbose stack     at Error (native)
5 verbose cwd /Users/dominik/Projects/beancount/fava/fava
6 error Darwin 16.4.0
7 error argv "/Users/dominik/.nvm/versions/node/v6.7.0/bin/node" "/Users/dominik/.nvm/versions/node/v6.7.0/bin/npm" "run" "watch-js"
8 error node v6.7.0
9 error npm  v4.1.1
10 error path /Users/dominik/Projects/beancount/fava/fava/package.json
11 error code ENOENT
12 error errno -2
13 error syscall open
14 error enoent ENOENT: no such file or directory, open '/Users/dominik/Projects/beancount/fava/fava/package.json'
15 error enoent ENOENT: no such file or directory, open '/Users/dominik/Projects/beancount/fava/fava/package.json'
15 error enoent This is most likely not a problem with npm itself
15 error enoent and is related to npm not being able to find a file.
16 verbose exit [ -2, true ]
