2017-06-07 02:43:41 [scrapy.utils.log] INFO: Scrapy 1.3.3 started (bot: open_news)
2017-06-07 02:43:41 [scrapy.utils.log] INFO: Overridden settings: {'SPIDER_MODULES': ['dynamic_scraper.spiders', 'open_news.scraper'], 'LOG_LEVEL': 'INFO', 'USER_AGENT': 'open_news/1.0', 'BOT_NAME': 'open_news', 'LOG_FILE': 'logs/default/article_spider/04ab899c4b5511e7a28d8438356148b4.log'}
2017-06-07 02:43:41 [scrapy.middleware] INFO: Enabled extensions:
['scrapy.extensions.telnet.TelnetConsole',
 'scrapy.extensions.corestats.CoreStats',
 'scrapy.extensions.logstats.LogStats']
2017-06-07 02:43:41 [dds] INFO: Django settings used: example_project.settings
2017-06-07 02:43:41 [dds] INFO: Use ALL images store format (Scrapy behaviour, save both original and thumbnail images)
2017-06-07 02:43:41 [dds] INFO: Runtime config: run_type TASK, do_action True
2017-06-07 02:43:41 [dds] INFO: Scraper set to run on 1 start URL.
2017-06-07 02:43:41 [dds] INFO: Spider for NewsWebsite "Wikinews" (1) initialized.
2017-06-07 02:43:41 [scrapy.core.engine] INFO: Spider opened
2017-06-07 02:43:41 [scrapy.extensions.logstats] INFO: Crawled 0 pages (at 0 pages/min), scraped 0 items (at 0 items/min)
2017-06-07 02:43:41 [dds] INFO: 
2017-06-07 02:43:41 [dds] INFO: [1m======================================================================================[0m
2017-06-07 02:43:41 [dds] INFO: [1m[95mScraping data from page 1.[0m[0m
2017-06-07 02:43:41 [dds] INFO: URL: http://en.wikinews.org/wiki/Main_Page
2017-06-07 02:43:41 [dds] INFO: [1m======================================================================================[0m
2017-06-07 02:43:41 [dds] INFO: [1m--------------------------------------------------------------------------------------[0m
2017-06-07 02:43:41 [dds] INFO: [95mStarting to crawl item 1 from page 1.[0m
2017-06-07 02:43:41 [dds] INFO: [1m--------------------------------------------------------------------------------------[0m
2017-06-07 02:43:41 [dds] INFO: U
2017-06-07 02:43:41 [dds] INFO: MP   HTML|GET      [1murl                 [0m 1-1 http://en.wikinews.org/wiki/Seven_killed,_forty-eight_injured_in_attack_on_London_Bridge'
2017-06-07 02:43:41 [dds] INFO: S
2017-06-07 02:43:41 [dds] INFO: MP   HTML|GET      [1mdescription         [0m 1-1 Saturday night in the UK, three men wearing what were later found to be fake suicide vests drove a van into crowds on London Bridge, then exited the van at Borough Market and began to stab people with blades, killing seven and injuring at least 48.'
2017-06-07 02:43:41 [dds] INFO: I
2017-06-07 02:43:41 [dds] INFO: MP   HTML|GET      [1mthumbnail           [0m 1-1 https://upload.wikimedia.org/wikipedia/commons/thumb/a/ae/Flag_of_the_United_Kingdom.svg/150px-Flag_of_the_United_Kingdom.svg.png'
2017-06-07 02:43:41 [dds] INFO: [1m--------------------------------------------------------------------------------------[0m
2017-06-07 02:43:41 [dds] INFO: [95mStarting to crawl item 2 from page 1.[0m
2017-06-07 02:43:41 [dds] INFO: [1m--------------------------------------------------------------------------------------[0m
2017-06-07 02:43:41 [dds] INFO: U
2017-06-07 02:43:41 [dds] INFO: MP   HTML|GET      [1murl                 [0m 1-2 http://en.wikinews.org/wiki/Real_Madrid_defends_Champions_League_title'
2017-06-07 02:43:41 [dds] INFO: S
2017-06-07 02:43:41 [dds] INFO: MP   HTML|GET      [1mdescription         [0m 1-2 After last year's victory against crosstown rivals Atlético Madrid at San Siro in Milan, Spanish capital football club Real Madrid defeated Italian giants Juventus FC 4–1 in the UEFA Champions League final in Cardiff, Wales on Saturday.'
2017-06-07 02:43:41 [dds] INFO: I
2017-06-07 02:43:41 [dds] INFO: MP   HTML|GET      [1mthumbnail           [0m 1-2 https://upload.wikimedia.org/wikipedia/commons/thumb/6/6e/Football_%28soccer_ball%29.svg/94px-Football_%28soccer_ball%29.svg.png'
2017-06-07 02:43:41 [dds] INFO: [1m--------------------------------------------------------------------------------------[0m
2017-06-07 02:43:41 [dds] INFO: [95mStarting to crawl item 3 from page 1.[0m
2017-06-07 02:43:41 [dds] INFO: [1m--------------------------------------------------------------------------------------[0m
2017-06-07 02:43:41 [dds] INFO: U
2017-06-07 02:43:41 [dds] INFO: MP   HTML|GET      [1murl                 [0m 1-3 http://en.wikinews.org/wiki/Curiosity_Rover_analysis_suggests_chemically_complex_lake_once_graced_Mars%27s_Gale_crater'
2017-06-07 02:43:41 [dds] INFO: S
2017-06-07 02:43:41 [dds] INFO: MP   HTML|GET      [1mdescription         [0m 1-3 In an analysis published on Friday in '
2017-06-07 02:43:41 [dds] INFO: I
2017-06-07 02:43:41 [dds] INFO: MP   HTML|GET      [1mthumbnail           [0m 1-3 https://upload.wikimedia.org/wikipedia/commons/thumb/d/dc/PIA16239_High-Resolution_Self-Portrait_by_Curiosity_Rover_Arm_Camera.jpg/72px-PIA16239_High-Resolution_Self-Portrait_by_Curiosity_Rover_Arm_Camera.jpg'
2017-06-07 02:43:42 [dds] INFO: [1m--------------------------------------------------------------------------------------[0m
2017-06-07 02:43:42 [dds] INFO: [95mStarting to crawl item 4 from page 1.[0m
2017-06-07 02:43:42 [dds] INFO: [1m--------------------------------------------------------------------------------------[0m
2017-06-07 02:43:42 [dds] INFO: U
2017-06-07 02:43:42 [dds] INFO: MP   HTML|GET      [1murl                 [0m 1-4 http://en.wikinews.org/wiki/Conductor_Jeffrey_Tate_dies_aged_74'
2017-06-07 02:43:42 [dds] INFO: S
2017-06-07 02:43:42 [dds] INFO: MP   HTML|GET      [1mdescription         [0m 1-4 Conductor Sir Jeffrey Tate died on Friday. He was born on April 28, 1943 in Salsbury, England with spina bfida and kyphosis.'
2017-06-07 02:43:42 [dds] INFO: I
2017-06-07 02:43:42 [dds] INFO: MP   HTML|GET      [1mthumbnail           [0m 1-4 https://upload.wikimedia.org/wikinews/en/thumb/b/b5/Jeffrey_Tate.PNG/100px-Jeffrey_Tate.PNG'
2017-06-07 02:43:42 [dds] INFO: [1m--------------------------------------------------------------------------------------[0m
2017-06-07 02:43:42 [dds] INFO: [95mStarting to crawl item 5 from page 1.[0m
2017-06-07 02:43:42 [dds] INFO: [1m--------------------------------------------------------------------------------------[0m
2017-06-07 02:43:42 [dds] INFO: U
2017-06-07 02:43:42 [dds] INFO: MP   HTML|GET      [1murl                 [0m 1-5 http://en.wikinews.org/wiki/For_fans,_by_fans:_Toronto_anime_event_2017_among_continent%27s_largest'
2017-06-07 02:43:42 [dds] INFO: S
2017-06-07 02:43:42 [dds] INFO: MP   HTML|GET      [1mdescription         [0m 1-5 Anime North is “by the fans, for the fans”, event chair Irwin Tan told Wikinews in an interview at the event.'
2017-06-07 02:43:42 [dds] INFO: I
2017-06-07 02:43:42 [dds] INFO: MP   HTML|GET      [1mthumbnail           [0m 1-5 https://upload.wikimedia.org/wikipedia/commons/thumb/c/c3/Anime_North_2017_booths_IMG_5005.jpg/100px-Anime_North_2017_booths_IMG_5005.jpg'
2017-06-07 02:43:42 [dds] INFO: T
2017-06-07 02:43:42 [dds] INFO: DP1  HTML|GET      [1mtitle               [0m 1-1 Seven killed, forty-eight injured in attack on London Bridge'
2017-06-07 02:43:42 [dds] INFO: T
2017-06-07 02:43:42 [dds] INFO: DP1  HTML|GET      [1mtitle               [0m 1-3 Curiosity Rover analysis suggests chemically complex lake once graced Mars's Gale crater'
2017-06-07 02:43:42 [dds] INFO: T
2017-06-07 02:43:42 [dds] INFO: DP1  HTML|GET      [1mtitle               [0m 1-5 For fans, by fans: Toronto anime event 2017 among continent's largest'
2017-06-07 02:43:42 [dds] ERROR: [33mDouble item 1-1, not saved.[0m
2017-06-07 02:43:42 [dds] INFO: T
2017-06-07 02:43:42 [dds] INFO: DP1  HTML|GET      [1mtitle               [0m 1-2 Real Madrid defends Champions League title'
2017-06-07 02:43:42 [dds] ERROR: [33mDouble item 1-3, not saved.[0m
2017-06-07 02:43:42 [dds] INFO: T
2017-06-07 02:43:42 [dds] INFO: DP1  HTML|GET      [1mtitle               [0m 1-4 Conductor Jeffrey Tate dies aged 74'
2017-06-07 02:43:42 [dds] ERROR: [33mDouble item 1-5, not saved.[0m
2017-06-07 02:43:42 [dds] ERROR: [33mDouble item 1-2, not saved.[0m
2017-06-07 02:43:42 [dds] ERROR: [33mDouble item 1-4, not saved.[0m
2017-06-07 02:43:42 [scrapy.core.engine] INFO: Closing spider (finished)
2017-06-07 02:43:42 [dds] INFO: Scheduler runtime updated (Next action time: 2017-06-07 03:06, Next action factor: 2.072, Zero actions: 5)
2017-06-07 02:43:42 [dds] INFO: Closing Django DB connection.
2017-06-07 02:43:42 [scrapy.statscollectors] INFO: Dumping Scrapy stats:
{'downloader/request_bytes': 4088,
 'downloader/request_count': 12,
 'downloader/request_method_count/GET': 12,
 'downloader/response_bytes': 101786,
 'downloader/response_count': 12,
 'downloader/response_status_count/200': 6,
 'downloader/response_status_count/301': 6,
 'file_count': 5,
 'file_status_count/uptodate': 5,
 'finish_reason': 'finished',
 'finish_time': datetime.datetime(2017, 6, 7, 7, 43, 42, 613477),
 'item_dropped_count': 5,
 'item_dropped_reasons_count/DropItem': 5,
 'log_count/ERROR': 5,
 'log_count/INFO': 71,
 'request_depth_max': 1,
 'response_received_count': 6,
 'scheduler/dequeued': 12,
 'scheduler/dequeued/memory': 12,
 'scheduler/enqueued': 12,
 'scheduler/enqueued/memory': 12,
 'start_time': datetime.datetime(2017, 6, 7, 7, 43, 41, 545749)}
2017-06-07 02:43:42 [scrapy.core.engine] INFO: Spider closed (finished)
