This is pdfTeX, Version 3.14159265-2.6-1.40.16 (TeX Live 2015/Debian) (preloaded format=pdflatex 2016.5.11)  28 SEP 2016 20:38
entering extended mode
 restricted \write18 enabled.
 %&-line parsing enabled.
**report.tex
(./report.tex
LaTeX2e <2015/01/01>
Babel <3.9l> and hyphenation patterns for 2 languages loaded.
(/usr/share/texlive/texmf-dist/tex/latex/base/article.cls
Document Class: article 2014/09/29 v1.4h Standard LaTeX document class
(/usr/share/texlive/texmf-dist/tex/latex/base/size12.clo
File: size12.clo 2014/09/29 v1.4h Standard LaTeX file (size option)
)
\c@part=\count79
\c@section=\count80
\c@subsection=\count81
\c@subsubsection=\count82
\c@paragraph=\count83
\c@subparagraph=\count84
\c@figure=\count85
\c@table=\count86
\abovecaptionskip=\skip41
\belowcaptionskip=\skip42
\bibindent=\dimen102
)
(/usr/share/texlive/texmf-dist/tex/latex/base/fontenc.sty
Package: fontenc 2005/09/27 v1.99g Standard LaTeX package

(/usr/share/texlive/texmf-dist/tex/latex/base/t1enc.def
File: t1enc.def 2005/09/27 v1.99g Standard LaTeX file
LaTeX Font Info:    Redeclaring font encoding T1 on input line 48.
))
(/usr/share/texlive/texmf-dist/tex/latex/base/inputenc.sty
Package: inputenc 2015/03/17 v1.2c Input encoding file
\inpenc@prehook=\toks14
\inpenc@posthook=\toks15

(/usr/share/texlive/texmf-dist/tex/latex/base/cp1257.def
File: cp1257.def 2015/03/17 v1.2c Input encoding file
))
(/usr/share/texmf/tex/latex/lm/lmodern.sty
Package: lmodern 2009/10/30 v1.6 Latin Modern Fonts
LaTeX Font Info:    Overwriting symbol font `operators' in version `normal'
(Font)                  OT1/cmr/m/n --> OT1/lmr/m/n on input line 22.
LaTeX Font Info:    Overwriting symbol font `letters' in version `normal'
(Font)                  OML/cmm/m/it --> OML/lmm/m/it on input line 23.
LaTeX Font Info:    Overwriting symbol font `symbols' in version `normal'
(Font)                  OMS/cmsy/m/n --> OMS/lmsy/m/n on input line 24.
LaTeX Font Info:    Overwriting symbol font `largesymbols' in version `normal'
(Font)                  OMX/cmex/m/n --> OMX/lmex/m/n on input line 25.
LaTeX Font Info:    Overwriting symbol font `operators' in version `bold'
(Font)                  OT1/cmr/bx/n --> OT1/lmr/bx/n on input line 26.
LaTeX Font Info:    Overwriting symbol font `letters' in version `bold'
(Font)                  OML/cmm/b/it --> OML/lmm/b/it on input line 27.
LaTeX Font Info:    Overwriting symbol font `symbols' in version `bold'
(Font)                  OMS/cmsy/b/n --> OMS/lmsy/b/n on input line 28.
LaTeX Font Info:    Overwriting symbol font `largesymbols' in version `bold'
(Font)                  OMX/cmex/m/n --> OMX/lmex/m/n on input line 29.
LaTeX Font Info:    Overwriting math alphabet `\mathbf' in version `normal'
(Font)                  OT1/cmr/bx/n --> OT1/lmr/bx/n on input line 31.
LaTeX Font Info:    Overwriting math alphabet `\mathsf' in version `normal'
(Font)                  OT1/cmss/m/n --> OT1/lmss/m/n on input line 32.
LaTeX Font Info:    Overwriting math alphabet `\mathit' in version `normal'
(Font)                  OT1/cmr/m/it --> OT1/lmr/m/it on input line 33.
LaTeX Font Info:    Overwriting math alphabet `\mathtt' in version `normal'
(Font)                  OT1/cmtt/m/n --> OT1/lmtt/m/n on input line 34.
LaTeX Font Info:    Overwriting math alphabet `\mathbf' in version `bold'
(Font)                  OT1/cmr/bx/n --> OT1/lmr/bx/n on input line 35.
LaTeX Font Info:    Overwriting math alphabet `\mathsf' in version `bold'
(Font)                  OT1/cmss/bx/n --> OT1/lmss/bx/n on input line 36.
LaTeX Font Info:    Overwriting math alphabet `\mathit' in version `bold'
(Font)                  OT1/cmr/bx/it --> OT1/lmr/bx/it on input line 37.
LaTeX Font Info:    Overwriting math alphabet `\mathtt' in version `bold'
(Font)                  OT1/cmtt/m/n --> OT1/lmtt/m/n on input line 38.
)
(/usr/share/texlive/texmf-dist/tex/latex/graphics/graphicx.sty
Package: graphicx 2014/10/28 v1.0g Enhanced LaTeX Graphics (DPC,SPQR)

(/usr/share/texlive/texmf-dist/tex/latex/graphics/keyval.sty
Package: keyval 2014/10/28 v1.15 key=value parser (DPC)
\KV@toks@=\toks16
)
(/usr/share/texlive/texmf-dist/tex/latex/graphics/graphics.sty
Package: graphics 2014/10/28 v1.0p Standard LaTeX Graphics (DPC,SPQR)

(/usr/share/texlive/texmf-dist/tex/latex/graphics/trig.sty
Package: trig 1999/03/16 v1.09 sin cos tan (DPC)
)
(/usr/share/texlive/texmf-dist/tex/latex/latexconfig/graphics.cfg
File: graphics.cfg 2010/04/23 v1.9 graphics configuration of TeX Live
)
Package graphics Info: Driver file: pdftex.def on input line 94.

(/usr/share/texlive/texmf-dist/tex/latex/pdftex-def/pdftex.def
File: pdftex.def 2011/05/27 v0.06d Graphics/color for pdfTeX

(/usr/share/texlive/texmf-dist/tex/generic/oberdiek/infwarerr.sty
Package: infwarerr 2010/04/08 v1.3 Providing info/warning/error messages (HO)
)
(/usr/share/texlive/texmf-dist/tex/generic/oberdiek/ltxcmds.sty
Package: ltxcmds 2011/11/09 v1.22 LaTeX kernel commands for general use (HO)
)
\Gread@gobject=\count87
))
\Gin@req@height=\dimen103
\Gin@req@width=\dimen104
)
(/usr/share/texlive/texmf-dist/tex/latex/fancyhdr/fancyhdr.sty
\fancy@headwidth=\skip43
\f@ncyO@elh=\skip44
\f@ncyO@erh=\skip45
\f@ncyO@olh=\skip46
\f@ncyO@orh=\skip47
\f@ncyO@elf=\skip48
\f@ncyO@erf=\skip49
\f@ncyO@olf=\skip50
\f@ncyO@orf=\skip51
)
(/usr/share/texlive/texmf-dist/tex/latex/xcolor/xcolor.sty
Package: xcolor 2007/01/21 v2.11 LaTeX color extensions (UK)

(/usr/share/texlive/texmf-dist/tex/latex/latexconfig/color.cfg
File: color.cfg 2007/01/18 v1.5 color configuration of teTeX/TeXLive
)
Package xcolor Info: Driver file: pdftex.def on input line 225.
Package xcolor Info: Model `cmy' substituted by `cmy0' on input line 1337.
Package xcolor Info: Model `hsb' substituted by `rgb' on input line 1341.
Package xcolor Info: Model `RGB' extended on input line 1353.
Package xcolor Info: Model `HTML' substituted by `rgb' on input line 1355.
Package xcolor Info: Model `Hsb' substituted by `hsb' on input line 1356.
Package xcolor Info: Model `tHsb' substituted by `hsb' on input line 1357.
Package xcolor Info: Model `HSB' substituted by `hsb' on input line 1358.
Package xcolor Info: Model `Gray' substituted by `gray' on input line 1359.
Package xcolor Info: Model `wave' substituted by `hsb' on input line 1360.
)
(./emvadatasheet.sty
Document Style `emvadatasheet' <27.09.2012>, Version 1.0.
) (/usr/share/texlive/texmf-dist/tex/latex/lastpage/lastpage.sty
Package: lastpage 2015/03/29 v1.2m Refers to last page's name (HMM; JPG)
)
(/usr/share/texlive/texmf-dist/tex/latex/xwatermark/xwatermark.sty
(/usr/share/texlive/texmf-dist/tex/latex/catoptions/catoptions.sty
\m@one=\count88
\z@pt=\dimen105
Package: catoptions 2014/08/29 v0.2.7h Securing catcodes and parsing options (A
M)
\cpt@csvdepth=\count89
\cpt@optdepth=\count90
\cpt@cnta=\count91
\indrisdepth=\count92
\cpt@foreachdepth=\count93
\cpt@exprcnt=\count94
)
Package: xwatermark 2012/10/23 v1.5.2d A dynamic watermarking scheme (Ahmed Mus
a)

(/usr/share/texlive/texmf-dist/tex/latex/base/fix-cm.sty
Package: fix-cm 2015/01/14 v1.1t fixes to LaTeX

(/usr/share/texlive/texmf-dist/tex/latex/base/ts1enc.def
File: ts1enc.def 2001/06/05 v3.0e (jk/car/fm) Standard LaTeX file
))
(/usr/share/texlive/texmf-dist/tex/latex/oberdiek/picture.sty
Package: picture 2009/10/11 v1.3 Dimens for picture macros (HO)
Package picture Info: Calculation method: etex.
)
(/usr/share/texlive/texmf-dist/tex/generic/oberdiek/atbegshi.sty
Package: atbegshi 2011/10/05 v1.16 At begin shipout hook (HO)

(/usr/share/texlive/texmf-dist/tex/generic/oberdiek/ifpdf.sty
Package: ifpdf 2011/01/30 v2.3 Provides the ifpdf switch (HO)
Package ifpdf Info: pdfTeX in PDF mode is detected.
))
(/usr/share/texlive/texmf-dist/tex/latex/oberdiek/atveryend.sty
Package: atveryend 2011/06/30 v1.8 Hooks at the very end of document (HO)
Package atveryend Info: \enddocument detected (standard20110627).
)
(/usr/share/texlive/texmf-dist/tex/latex/ltxkeys/ltxkeys.sty
Package: ltxkeys 2012/11/17 v0.0.3c A robust key-value parser (AM) (Ahmed Musa)

\ltxkeys@csvdepth=\count95
\ltxkeys@keydepth=\count96
)
(/usr/share/texlive/texmf-dist/tex/latex/framed/framed.sty
Package: framed 2011/10/22 v 0.96: framed or shaded text with page breaks
\OuterFrameSep=\skip52
\fb@frw=\dimen106
\fb@frh=\dimen107
\FrameRule=\dimen108
\FrameSep=\dimen109
)
\AtBeginShipoutBox=\box26
\xwm@boxa=\box27
\xwm@boxb=\box28
\xwm@cnta=\count97
\xwm@wrt=\write3
 (./report.xwm)
\openout3 = `report.xwm'.

)
(/usr/share/texlive/texmf-dist/tex/latex/pgf/frontendlayer/tikz.sty
(/usr/share/texlive/texmf-dist/tex/latex/pgf/basiclayer/pgf.sty
(/usr/share/texlive/texmf-dist/tex/latex/pgf/utilities/pgfrcs.sty
(/usr/share/texlive/texmf-dist/tex/generic/pgf/utilities/pgfutil-common.tex
\pgfutil@everybye=\toks17
\pgfutil@tempdima=\dimen110
\pgfutil@tempdimb=\dimen111

(/usr/share/texlive/texmf-dist/tex/generic/pgf/utilities/pgfutil-common-lists.t
ex)) (/usr/share/texlive/texmf-dist/tex/generic/pgf/utilities/pgfutil-latex.def
\pgfutil@abb=\box29
(/usr/share/texlive/texmf-dist/tex/latex/ms/everyshi.sty
Package: everyshi 2001/05/15 v3.00 EveryShipout Package (MS)
))
(/usr/share/texlive/texmf-dist/tex/generic/pgf/utilities/pgfrcs.code.tex
Package: pgfrcs 2013/12/20 v3.0.0 (rcs-revision 1.28)
))
Package: pgf 2013/12/18 v3.0.0 (rcs-revision 1.14)

(/usr/share/texlive/texmf-dist/tex/latex/pgf/basiclayer/pgfcore.sty
(/usr/share/texlive/texmf-dist/tex/latex/pgf/systemlayer/pgfsys.sty
(/usr/share/texlive/texmf-dist/tex/generic/pgf/systemlayer/pgfsys.code.tex
Package: pgfsys 2013/11/30 v3.0.0 (rcs-revision 1.47)

(/usr/share/texlive/texmf-dist/tex/generic/pgf/utilities/pgfkeys.code.tex
\pgfkeys@pathtoks=\toks18
\pgfkeys@temptoks=\toks19

(/usr/share/texlive/texmf-dist/tex/generic/pgf/utilities/pgfkeysfiltered.code.t
ex
\pgfkeys@tmptoks=\toks20
))
\pgf@x=\dimen112
\pgf@y=\dimen113
\pgf@xa=\dimen114
\pgf@ya=\dimen115
\pgf@xb=\dimen116
\pgf@yb=\dimen117
\pgf@xc=\dimen118
\pgf@yc=\dimen119
\w@pgf@writea=\write4
\r@pgf@reada=\read1
\c@pgf@counta=\count98
\c@pgf@countb=\count99
\c@pgf@countc=\count100
\c@pgf@countd=\count101
\t@pgf@toka=\toks21
\t@pgf@tokb=\toks22
\t@pgf@tokc=\toks23
 (/usr/share/texlive/texmf-dist/tex/generic/pgf/systemlayer/pgf.cfg
File: pgf.cfg 2008/05/14  (rcs-revision 1.7)
)
Driver file for pgf: pgfsys-pdftex.def

(/usr/share/texlive/texmf-dist/tex/generic/pgf/systemlayer/pgfsys-pdftex.def
File: pgfsys-pdftex.def 2013/07/18  (rcs-revision 1.33)

(/usr/share/texlive/texmf-dist/tex/generic/pgf/systemlayer/pgfsys-common-pdf.de
f
File: pgfsys-common-pdf.def 2013/10/10  (rcs-revision 1.13)
)))
(/usr/share/texlive/texmf-dist/tex/generic/pgf/systemlayer/pgfsyssoftpath.code.
tex
File: pgfsyssoftpath.code.tex 2013/09/09  (rcs-revision 1.9)
\pgfsyssoftpath@smallbuffer@items=\count102
\pgfsyssoftpath@bigbuffer@items=\count103
)
(/usr/share/texlive/texmf-dist/tex/generic/pgf/systemlayer/pgfsysprotocol.code.
tex
File: pgfsysprotocol.code.tex 2006/10/16  (rcs-revision 1.4)
))
(/usr/share/texlive/texmf-dist/tex/generic/pgf/basiclayer/pgfcore.code.tex
Package: pgfcore 2010/04/11 v3.0.0 (rcs-revision 1.7)

(/usr/share/texlive/texmf-dist/tex/generic/pgf/math/pgfmath.code.tex
(/usr/share/texlive/texmf-dist/tex/generic/pgf/math/pgfmathcalc.code.tex
(/usr/share/texlive/texmf-dist/tex/generic/pgf/math/pgfmathutil.code.tex)
(/usr/share/texlive/texmf-dist/tex/generic/pgf/math/pgfmathparser.code.tex
\pgfmath@dimen=\dimen120
\pgfmath@count=\count104
\pgfmath@box=\box30
\pgfmath@toks=\toks24
\pgfmath@stack@operand=\toks25
\pgfmath@stack@operation=\toks26
)
(/usr/share/texlive/texmf-dist/tex/generic/pgf/math/pgfmathfunctions.code.tex
(/usr/share/texlive/texmf-dist/tex/generic/pgf/math/pgfmathfunctions.basic.code
.tex)
(/usr/share/texlive/texmf-dist/tex/generic/pgf/math/pgfmathfunctions.trigonomet
ric.code.tex)
(/usr/share/texlive/texmf-dist/tex/generic/pgf/math/pgfmathfunctions.random.cod
e.tex)
(/usr/share/texlive/texmf-dist/tex/generic/pgf/math/pgfmathfunctions.comparison
.code.tex)
(/usr/share/texlive/texmf-dist/tex/generic/pgf/math/pgfmathfunctions.base.code.
tex)
(/usr/share/texlive/texmf-dist/tex/generic/pgf/math/pgfmathfunctions.round.code
.tex)
(/usr/share/texlive/texmf-dist/tex/generic/pgf/math/pgfmathfunctions.misc.code.
tex)
(/usr/share/texlive/texmf-dist/tex/generic/pgf/math/pgfmathfunctions.integerari
thmetics.code.tex)))
(/usr/share/texlive/texmf-dist/tex/generic/pgf/math/pgfmathfloat.code.tex
\c@pgfmathroundto@lastzeros=\count105
))
(/usr/share/texlive/texmf-dist/tex/generic/pgf/basiclayer/pgfcorepoints.code.te
x
File: pgfcorepoints.code.tex 2013/10/07  (rcs-revision 1.27)
\pgf@picminx=\dimen121
\pgf@picmaxx=\dimen122
\pgf@picminy=\dimen123
\pgf@picmaxy=\dimen124
\pgf@pathminx=\dimen125
\pgf@pathmaxx=\dimen126
\pgf@pathminy=\dimen127
\pgf@pathmaxy=\dimen128
\pgf@xx=\dimen129
\pgf@xy=\dimen130
\pgf@yx=\dimen131
\pgf@yy=\dimen132
\pgf@zx=\dimen133
\pgf@zy=\dimen134
)
(/usr/share/texlive/texmf-dist/tex/generic/pgf/basiclayer/pgfcorepathconstruct.
code.tex
File: pgfcorepathconstruct.code.tex 2013/10/07  (rcs-revision 1.29)
\pgf@path@lastx=\dimen135
\pgf@path@lasty=\dimen136
)
(/usr/share/texlive/texmf-dist/tex/generic/pgf/basiclayer/pgfcorepathusage.code
.tex
File: pgfcorepathusage.code.tex 2013/12/13  (rcs-revision 1.23)
\pgf@shorten@end@additional=\dimen137
\pgf@shorten@start@additional=\dimen138
)
(/usr/share/texlive/texmf-dist/tex/generic/pgf/basiclayer/pgfcorescopes.code.te
x
File: pgfcorescopes.code.tex 2013/10/09  (rcs-revision 1.44)
\pgfpic=\box31
\pgf@hbox=\box32
\pgf@layerbox@main=\box33
\pgf@picture@serial@count=\count106
)
(/usr/share/texlive/texmf-dist/tex/generic/pgf/basiclayer/pgfcoregraphicstate.c
ode.tex
File: pgfcoregraphicstate.code.tex 2013/09/19  (rcs-revision 1.11)
\pgflinewidth=\dimen139
)
(/usr/share/texlive/texmf-dist/tex/generic/pgf/basiclayer/pgfcoretransformation
s.code.tex
File: pgfcoretransformations.code.tex 2013/10/10  (rcs-revision 1.17)
\pgf@pt@x=\dimen140
\pgf@pt@y=\dimen141
\pgf@pt@temp=\dimen142
)
(/usr/share/texlive/texmf-dist/tex/generic/pgf/basiclayer/pgfcorequick.code.tex
File: pgfcorequick.code.tex 2008/10/09  (rcs-revision 1.3)
)
(/usr/share/texlive/texmf-dist/tex/generic/pgf/basiclayer/pgfcoreobjects.code.t
ex
File: pgfcoreobjects.code.tex 2006/10/11  (rcs-revision 1.2)
)
(/usr/share/texlive/texmf-dist/tex/generic/pgf/basiclayer/pgfcorepathprocessing
.code.tex
File: pgfcorepathprocessing.code.tex 2013/09/09  (rcs-revision 1.9)
)
(/usr/share/texlive/texmf-dist/tex/generic/pgf/basiclayer/pgfcorearrows.code.te
x
File: pgfcorearrows.code.tex 2013/11/07  (rcs-revision 1.40)
\pgfarrowsep=\dimen143
)
(/usr/share/texlive/texmf-dist/tex/generic/pgf/basiclayer/pgfcoreshade.code.tex
File: pgfcoreshade.code.tex 2013/07/15  (rcs-revision 1.15)
\pgf@max=\dimen144
\pgf@sys@shading@range@num=\count107
)
(/usr/share/texlive/texmf-dist/tex/generic/pgf/basiclayer/pgfcoreimage.code.tex
File: pgfcoreimage.code.tex 2013/07/15  (rcs-revision 1.18)

(/usr/share/texlive/texmf-dist/tex/generic/pgf/basiclayer/pgfcoreexternal.code.
tex
File: pgfcoreexternal.code.tex 2013/07/15  (rcs-revision 1.20)
\pgfexternal@startupbox=\box34
))
(/usr/share/texlive/texmf-dist/tex/generic/pgf/basiclayer/pgfcorelayers.code.te
x
File: pgfcorelayers.code.tex 2013/07/18  (rcs-revision 1.7)
)
(/usr/share/texlive/texmf-dist/tex/generic/pgf/basiclayer/pgfcoretransparency.c
ode.tex
File: pgfcoretransparency.code.tex 2013/09/30  (rcs-revision 1.5)
)
(/usr/share/texlive/texmf-dist/tex/generic/pgf/basiclayer/pgfcorepatterns.code.
tex
File: pgfcorepatterns.code.tex 2013/11/07  (rcs-revision 1.5)
)))
(/usr/share/texlive/texmf-dist/tex/generic/pgf/modules/pgfmoduleshapes.code.tex
File: pgfmoduleshapes.code.tex 2013/10/31  (rcs-revision 1.34)
\pgfnodeparttextbox=\box35
) (/usr/share/texlive/texmf-dist/tex/generic/pgf/modules/pgfmoduleplot.code.tex
File: pgfmoduleplot.code.tex 2013/07/31  (rcs-revision 1.12)
)
(/usr/share/texlive/texmf-dist/tex/latex/pgf/compatibility/pgfcomp-version-0-65
.sty
Package: pgfcomp-version-0-65 2007/07/03 v3.0.0 (rcs-revision 1.7)
\pgf@nodesepstart=\dimen145
\pgf@nodesepend=\dimen146
)
(/usr/share/texlive/texmf-dist/tex/latex/pgf/compatibility/pgfcomp-version-1-18
.sty
Package: pgfcomp-version-1-18 2007/07/23 v3.0.0 (rcs-revision 1.1)
)) (/usr/share/texlive/texmf-dist/tex/latex/pgf/utilities/pgffor.sty
(/usr/share/texlive/texmf-dist/tex/latex/pgf/utilities/pgfkeys.sty
(/usr/share/texlive/texmf-dist/tex/generic/pgf/utilities/pgfkeys.code.tex))
(/usr/share/texlive/texmf-dist/tex/latex/pgf/math/pgfmath.sty
(/usr/share/texlive/texmf-dist/tex/generic/pgf/math/pgfmath.code.tex))
(/usr/share/texlive/texmf-dist/tex/generic/pgf/utilities/pgffor.code.tex
Package: pgffor 2013/12/13 v3.0.0 (rcs-revision 1.25)

(/usr/share/texlive/texmf-dist/tex/generic/pgf/math/pgfmath.code.tex)
\pgffor@iter=\dimen147
\pgffor@skip=\dimen148
\pgffor@stack=\toks27
\pgffor@toks=\toks28
))
(/usr/share/texlive/texmf-dist/tex/generic/pgf/frontendlayer/tikz/tikz.code.tex
Package: tikz 2013/12/13 v3.0.0 (rcs-revision 1.142)

(/usr/share/texlive/texmf-dist/tex/generic/pgf/libraries/pgflibraryplothandlers
.code.tex
File: pgflibraryplothandlers.code.tex 2013/08/31 v3.0.0 (rcs-revision 1.20)
\pgf@plot@mark@count=\count108
\pgfplotmarksize=\dimen149
)
\tikz@lastx=\dimen150
\tikz@lasty=\dimen151
\tikz@lastxsaved=\dimen152
\tikz@lastysaved=\dimen153
\tikzleveldistance=\dimen154
\tikzsiblingdistance=\dimen155
\tikz@figbox=\box36
\tikz@figbox@bg=\box37
\tikz@tempbox=\box38
\tikz@tempbox@bg=\box39
\tikztreelevel=\count109
\tikznumberofchildren=\count110
\tikznumberofcurrentchild=\count111
\tikz@fig@count=\count112

(/usr/share/texlive/texmf-dist/tex/generic/pgf/modules/pgfmodulematrix.code.tex
File: pgfmodulematrix.code.tex 2013/09/17  (rcs-revision 1.8)
\pgfmatrixcurrentrow=\count113
\pgfmatrixcurrentcolumn=\count114
\pgf@matrix@numberofcolumns=\count115
)
\tikz@expandcount=\count116

(/usr/share/texlive/texmf-dist/tex/generic/pgf/frontendlayer/tikz/libraries/tik
zlibrarytopaths.code.tex
File: tikzlibrarytopaths.code.tex 2008/06/17 v3.0.0 (rcs-revision 1.2)
)))
(/usr/share/texlive/texmf-dist/tex/latex/tools/multicol.sty
Package: multicol 2015/03/31 v1.8m multicolumn formatting (FMi)
\c@tracingmulticols=\count117
\mult@box=\box40
\multicol@leftmargin=\dimen156
\c@unbalance=\count118
\c@collectmore=\count119
\doublecol@number=\count120
\multicoltolerance=\count121
\multicolpretolerance=\count122
\full@width=\dimen157
\page@free=\dimen158
\premulticols=\dimen159
\postmulticols=\dimen160
\multicolsep=\skip53
\multicolbaselineskip=\skip54
\partial@page=\box41
\last@line=\box42
\maxbalancingoverflow=\dimen161
\mult@rightbox=\box43
\mult@grightbox=\box44
\mult@gfirstbox=\box45
\mult@firstbox=\box46
\@tempa=\box47
\@tempa=\box48
\@tempa=\box49
\@tempa=\box50
\@tempa=\box51
\@tempa=\box52
\@tempa=\box53
\@tempa=\box54
\@tempa=\box55
\@tempa=\box56
\@tempa=\box57
\@tempa=\box58
\@tempa=\box59
\@tempa=\box60
\@tempa=\box61
\@tempa=\box62
\@tempa=\box63
\c@columnbadness=\count123
\c@finalcolumnbadness=\count124
\last@try=\dimen162
\multicolovershoot=\dimen163
\multicolundershoot=\dimen164
\mult@nat@firstbox=\box64
\colbreak@box=\box65
\mc@col@check@num=\count125
)
(/usr/share/texlive/texmf-dist/tex/latex/hyperref/hyperref.sty
Package: hyperref 2012/11/06 v6.83m Hypertext links for LaTeX

(/usr/share/texlive/texmf-dist/tex/generic/oberdiek/hobsub-hyperref.sty
Package: hobsub-hyperref 2012/05/28 v1.13 Bundle oberdiek, subset hyperref (HO)


(/usr/share/texlive/texmf-dist/tex/generic/oberdiek/hobsub-generic.sty
Package: hobsub-generic 2012/05/28 v1.13 Bundle oberdiek, subset generic (HO)
Package: hobsub 2012/05/28 v1.13 Construct package bundles (HO)
Package hobsub Info: Skipping package `infwarerr' (already loaded).
Package hobsub Info: Skipping package `ltxcmds' (already loaded).
Package: ifluatex 2010/03/01 v1.3 Provides the ifluatex switch (HO)
Package ifluatex Info: LuaTeX not detected.
Package: ifvtex 2010/03/01 v1.5 Detect VTeX and its facilities (HO)
Package ifvtex Info: VTeX not detected.
Package: intcalc 2007/09/27 v1.1 Expandable calculations with integers (HO)
Package hobsub Info: Skipping package `ifpdf' (already loaded).
Package: etexcmds 2011/02/16 v1.5 Avoid name clashes with e-TeX commands (HO)
Package etexcmds Info: Could not find \expanded.
(etexcmds)             That can mean that you are not using pdfTeX 1.50 or
(etexcmds)             that some package has redefined \expanded.
(etexcmds)             In the latter case, load this package earlier.
Package: kvsetkeys 2012/04/25 v1.16 Key value parser (HO)
Package: kvdefinekeys 2011/04/07 v1.3 Define keys (HO)
Package: pdftexcmds 2011/11/29 v0.20 Utility functions of pdfTeX for LuaTeX (HO
)
Package pdftexcmds Info: LuaTeX not detected.
Package pdftexcmds Info: \pdf@primitive is available.
Package pdftexcmds Info: \pdf@ifprimitive is available.
Package pdftexcmds Info: \pdfdraftmode found.
Package: pdfescape 2011/11/25 v1.13 Implements pdfTeX's escape features (HO)
Package: bigintcalc 2012/04/08 v1.3 Expandable calculations on big integers (HO
)
Package: bitset 2011/01/30 v1.1 Handle bit-vector datatype (HO)
Package: uniquecounter 2011/01/30 v1.2 Provide unlimited unique counter (HO)
)
Package hobsub Info: Skipping package `hobsub' (already loaded).
Package: letltxmacro 2010/09/02 v1.4 Let assignment for LaTeX macros (HO)
Package: hopatch 2012/05/28 v1.2 Wrapper for package hooks (HO)
Package: xcolor-patch 2011/01/30 xcolor patch
Package hobsub Info: Skipping package `atveryend' (already loaded).
Package hobsub Info: Skipping package `atbegshi' (already loaded).
Package: refcount 2011/10/16 v3.4 Data extraction from label references (HO)
Package: hycolor 2011/01/30 v1.7 Color options for hyperref/bookmark (HO)
)
(/usr/share/texlive/texmf-dist/tex/generic/ifxetex/ifxetex.sty
Package: ifxetex 2010/09/12 v0.6 Provides ifxetex conditional
)
(/usr/share/texlive/texmf-dist/tex/latex/oberdiek/auxhook.sty
Package: auxhook 2011/03/04 v1.3 Hooks for auxiliary files (HO)
)
(/usr/share/texlive/texmf-dist/tex/latex/oberdiek/kvoptions.sty
Package: kvoptions 2011/06/30 v3.11 Key value format for package options (HO)
)
\@linkdim=\dimen165
\Hy@linkcounter=\count126
\Hy@pagecounter=\count127

(/usr/share/texlive/texmf-dist/tex/latex/hyperref/pd1enc.def
File: pd1enc.def 2012/11/06 v6.83m Hyperref: PDFDocEncoding definition (HO)
)
\Hy@SavedSpaceFactor=\count128

(/usr/share/texlive/texmf-dist/tex/latex/latexconfig/hyperref.cfg
File: hyperref.cfg 2002/06/06 v1.2 hyperref configuration of TeXLive
)
Package hyperref Info: Hyper figures OFF on input line 4443.
Package hyperref Info: Link nesting OFF on input line 4448.
Package hyperref Info: Hyper index ON on input line 4451.
Package hyperref Info: Plain pages OFF on input line 4458.
Package hyperref Info: Backreferencing OFF on input line 4463.
Package hyperref Info: Implicit mode ON; LaTeX internals redefined.
Package hyperref Info: Bookmarks ON on input line 4688.
\c@Hy@tempcnt=\count129

(/usr/share/texlive/texmf-dist/tex/latex/url/url.sty
\Urlmuskip=\muskip10
Package: url 2013/09/16  ver 3.4  Verb mode for urls, etc.
)
LaTeX Info: Redefining \url on input line 5041.
\XeTeXLinkMargin=\dimen166
\Fld@menulength=\count130
\Field@Width=\dimen167
\Fld@charsize=\dimen168
Package hyperref Info: Hyper figures OFF on input line 6295.
Package hyperref Info: Link nesting OFF on input line 6300.
Package hyperref Info: Hyper index ON on input line 6303.
Package hyperref Info: backreferencing OFF on input line 6310.
Package hyperref Info: Link coloring OFF on input line 6315.
Package hyperref Info: Link coloring with OCG OFF on input line 6320.
Package hyperref Info: PDF/A mode OFF on input line 6325.
LaTeX Info: Redefining \ref on input line 6365.
LaTeX Info: Redefining \pageref on input line 6369.
\Hy@abspage=\count131
\c@Item=\count132
\c@Hfootnote=\count133
)

Package hyperref Message: Driver (autodetected): hpdftex.

(/usr/share/texlive/texmf-dist/tex/latex/hyperref/hpdftex.def
File: hpdftex.def 2012/11/06 v6.83m Hyperref driver for pdfTeX
\Fld@listcount=\count134
\c@bookmark@seq@number=\count135

(/usr/share/texlive/texmf-dist/tex/latex/oberdiek/rerunfilecheck.sty
Package: rerunfilecheck 2011/04/15 v1.7 Rerun checks for auxiliary files (HO)
Package uniquecounter Info: New unique counter `rerunfilecheck' on input line 2
82.
)
\Hy@SectionHShift=\skip55
)
(./report.aux)
\openout1 = `report.aux'.

LaTeX Font Info:    Checking defaults for OML/cmm/m/it on input line 16.
LaTeX Font Info:    ... okay on input line 16.
LaTeX Font Info:    Checking defaults for T1/cmr/m/n on input line 16.
LaTeX Font Info:    ... okay on input line 16.
LaTeX Font Info:    Checking defaults for OT1/cmr/m/n on input line 16.
LaTeX Font Info:    ... okay on input line 16.
LaTeX Font Info:    Checking defaults for OMS/cmsy/m/n on input line 16.
LaTeX Font Info:    ... okay on input line 16.
LaTeX Font Info:    Checking defaults for OMX/cmex/m/n on input line 16.
LaTeX Font Info:    ... okay on input line 16.
LaTeX Font Info:    Checking defaults for U/cmr/m/n on input line 16.
LaTeX Font Info:    ... okay on input line 16.
LaTeX Font Info:    Checking defaults for TS1/cmr/m/n on input line 16.
LaTeX Font Info:    ... okay on input line 16.
LaTeX Font Info:    Checking defaults for PD1/pdf/m/n on input line 16.
LaTeX Font Info:    ... okay on input line 16.
LaTeX Font Info:    Try loading font information for T1+lmr on input line 16.
 (/usr/share/texmf/tex/latex/lm/t1lmr.fd
File: t1lmr.fd 2009/10/30 v1.6 Font defs for Latin Modern
)
(/usr/share/texlive/texmf-dist/tex/context/base/supp-pdf.mkii
[Loading MPS to PDF converter (version 2006.09.02).]
\scratchcounter=\count136
\scratchdimen=\dimen169
\scratchbox=\box66
\nofMPsegments=\count137
\nofMParguments=\count138
\everyMPshowfont=\toks29
\MPscratchCnt=\count139
\MPscratchDim=\dimen170
\MPnumerator=\count140
\makeMPintoPDFobject=\count141
\everyMPtoPDFconversion=\toks30
) (/usr/share/texlive/texmf-dist/tex/latex/oberdiek/epstopdf-base.sty
Package: epstopdf-base 2010/02/09 v2.5 Base part for package epstopdf

(/usr/share/texlive/texmf-dist/tex/latex/oberdiek/grfext.sty
Package: grfext 2010/08/19 v1.1 Manage graphics extensions (HO)
)
Package grfext Info: Graphics extension search list:
(grfext)             [.png,.pdf,.jpg,.mps,.jpeg,.jbig2,.jb2,.PNG,.PDF,.JPG,.JPE
G,.JBIG2,.JB2,.eps]
(grfext)             \AppendGraphicsExtensions on input line 452.

(/usr/share/texlive/texmf-dist/tex/latex/latexconfig/epstopdf-sys.cfg
File: epstopdf-sys.cfg 2010/07/13 v1.3 Configuration of (r)epstopdf for TeX Liv
e
))
Package lastpage Info: Please have a look at the pageslts package at
(lastpage)             https://www.ctan.org/pkg/pageslts
(lastpage)             ! on input line 16.

ABD: EveryShipout initializing macros
Package hyperref Info: Link coloring OFF on input line 16.

(/usr/share/texlive/texmf-dist/tex/latex/hyperref/nameref.sty
Package: nameref 2012/10/27 v2.43 Cross-referencing by name of section

(/usr/share/texlive/texmf-dist/tex/generic/oberdiek/gettitlestring.sty
Package: gettitlestring 2010/12/03 v1.4 Cleanup title references (HO)
)
\c@section@level=\count142
)
LaTeX Info: Redefining \ref on input line 16.
LaTeX Info: Redefining \pageref on input line 16.
LaTeX Info: Redefining \nameref on input line 16.

(./report.out) (./report.out)
\@outlinefile=\write5
\openout5 = `report.out'.

\wtmkbox=\box67
LaTeX Font Info:    Try loading font information for OT1+lmr on input line 64.
 (/usr/share/texmf/tex/latex/lm/ot1lmr.fd
File: ot1lmr.fd 2009/10/30 v1.6 Font defs for Latin Modern
)
LaTeX Font Info:    Try loading font information for OML+lmm on input line 64.

(/usr/share/texmf/tex/latex/lm/omllmm.fd
File: omllmm.fd 2009/10/30 v1.6 Font defs for Latin Modern
)
LaTeX Font Info:    Try loading font information for OMS+lmsy on input line 64.


(/usr/share/texmf/tex/latex/lm/omslmsy.fd
File: omslmsy.fd 2009/10/30 v1.6 Font defs for Latin Modern
)
LaTeX Font Info:    Try loading font information for OMX+lmex on input line 64.


(/usr/share/texmf/tex/latex/lm/omxlmex.fd
File: omxlmex.fd 2009/10/30 v1.6 Font defs for Latin Modern
)
LaTeX Font Info:    External font `lmex10' loaded for size
(Font)              <8> on input line 64.
LaTeX Font Info:    External font `lmex10' loaded for size
(Font)              <6> on input line 64.
LaTeX Font Info:    External font `lmex10' loaded for size
(Font)              <5> on input line 64.

Underfull \hbox (badness 10000) in paragraph at lines 50--82

 []


Underfull \hbox (badness 10000) in paragraph at lines 48--85

 []


Underfull \hbox (badness 10000) in paragraph at lines 90--104

 []


Underfull \hbox (badness 10000) in paragraph at lines 88--107

 []

<files/missingplot.pdf, id=8, 578.16pt x 433.62pt>
File: files/missingplot.pdf Graphic file (type pdf)
 <use files/missingplot.pdf>
Package pdftex.def Info: files/missingplot.pdf used on input line 111.
(pdftex.def)             Requested size: 379.39009pt x 284.52756pt.

<files/EMVA1288Logo.pdf, id=9, 388.07028pt x 185.42189pt>
File: files/EMVA1288Logo.pdf Graphic file (type pdf)

<use files/EMVA1288Logo.pdf>
Package pdftex.def Info: files/EMVA1288Logo.pdf used on input line 114.
(pdftex.def)             Requested size: 71.45435pt x 34.1433pt.

<files/missinglogo.pdf, id=10, 258.56601pt x 112.42pt>
File: files/missinglogo.pdf Graphic file (type pdf)

<use files/missinglogo.pdf>
Package pdftex.def Info: files/missinglogo.pdf used on input line 114.
(pdftex.def)             Requested size: 78.52913pt x 34.1433pt.
LaTeX Font Info:    Try loading font information for T1+lmss on input line 114.

 (/usr/share/texmf/tex/latex/lm/t1lmss.fd
File: t1lmss.fd 2009/10/30 v1.6 Font defs for Latin Modern
)
LaTeX Font Info:    Try loading font information for T1+bch on input line 114.

(/usr/share/texlive/texmf-dist/tex/latex/psnfss/t1bch.fd
File: t1bch.fd 2004/10/18 font definitions for T1/bch.
) [1{/var/lib/texmf/fonts/map/pdftex/updmap/pdftex.map}

 <./files/EMVA1288Logo.pdf> <./files/missinglogo.pdf

pdfTeX warning: pdflatex (file ./files/missinglogo.pdf): PDF inclusion: multipl
e pdfs with page group included in a single page
> <./files/missingplot.pdf

pdfTeX warning: pdflatex (file ./files/missingplot.pdf): PDF inclusion: multipl
e pdfs with page group included in a single page
>]
Underfull \hbox (badness 10000) in paragraph at lines 121--135

 []

<OP1/PlotPTC.pdf, id=51, 462.52798pt x 346.89601pt>
File: OP1/PlotPTC.pdf Graphic file (type pdf)
 <use OP1/PlotPTC.pdf>
Package pdftex.def Info: OP1/PlotPTC.pdf used on input line 141.
(pdftex.def)             Requested size: 343.17436pt x 257.39243pt.

<OP1/PlotSNR.pdf, id=52, 462.52798pt x 346.89601pt>
File: OP1/PlotSNR.pdf Graphic file (type pdf)
 <use OP1/PlotSNR.pdf>
Package pdftex.def Info: OP1/PlotSNR.pdf used on input line 143.
(pdftex.def)             Requested size: 343.17436pt x 257.39243pt.
File: files/EMVA1288Logo.pdf Graphic file (type pdf)

<use files/EMVA1288Logo.pdf>
Package pdftex.def Info: files/EMVA1288Logo.pdf used on input line 292.
(pdftex.def)             Requested size: 71.45435pt x 34.1433pt.
File: files/missinglogo.pdf Graphic file (type pdf)
 <use files/missinglogo.pdf>
Package pdftex.def Info: files/missinglogo.pdf used on input line 292.
(pdftex.def)             Requested size: 78.52913pt x 34.1433pt.
 [2 <./OP1/PlotPTC.pdf> <./OP1/PlotSNR.pdf

pdfTeX warning: pdflatex (file ./OP1/PlotSNR.pdf): PDF inclusion: multiple pdfs
 with page group included in a single page
>] <OP1/PlotSensitivity.pdf, id=167, 462.52798pt x 346.89601pt>
File: OP1/PlotSensitivity.pdf Graphic file (type pdf)

<use OP1/PlotSensitivity.pdf>
Package pdftex.def Info: OP1/PlotSensitivity.pdf used on input line 294.
(pdftex.def)             Requested size: 426.80832pt x 320.09132pt.

<OP1/PlotUyDark.pdf, id=168, 462.52798pt x 346.89601pt>
File: OP1/PlotUyDark.pdf Graphic file (type pdf)

<use OP1/PlotUyDark.pdf>
Package pdftex.def Info: OP1/PlotUyDark.pdf used on input line 297.
(pdftex.def)             Requested size: 426.80832pt x 320.09132pt.
File: files/EMVA1288Logo.pdf Graphic file (type pdf)
 <use files/EMVA1288Logo.pdf>
Package pdftex.def Info: files/EMVA1288Logo.pdf used on input line 300.
(pdftex.def)             Requested size: 71.45435pt x 34.1433pt.
File: files/missinglogo.pdf Graphic file (type pdf)

<use files/missinglogo.pdf>
Package pdftex.def Info: files/missinglogo.pdf used on input line 300.
(pdftex.def)             Requested size: 78.52913pt x 34.1433pt.
 [3 <./OP1/PlotSensitivity.pdf> <./OP1/PlotUyDark.pdf

pdfTeX warning: pdflatex (file ./OP1/PlotUyDark.pdf): PDF inclusion: multiple p
dfs with page group included in a single page
>] <OP1/PlotLinearity.pdf, id=272, 462.52798pt x 346.89601pt>
File: OP1/PlotLinearity.pdf Graphic file (type pdf)

<use OP1/PlotLinearity.pdf>
Package pdftex.def Info: OP1/PlotLinearity.pdf used on input line 302.
(pdftex.def)             Requested size: 426.80832pt x 320.09132pt.

<OP1/PlotDeviationLinearity.pdf, id=273, 462.52798pt x 346.89601pt>
File: OP1/PlotDeviationLinearity.pdf Graphic file (type pdf)

<use OP1/PlotDeviationLinearity.pdf>
Package pdftex.def Info: OP1/PlotDeviationLinearity.pdf used on input line 305.

(pdftex.def)             Requested size: 426.80832pt x 320.09132pt.
File: files/EMVA1288Logo.pdf Graphic file (type pdf)
 <use files/EMVA1288Logo.pdf>
Package pdftex.def Info: files/EMVA1288Logo.pdf used on input line 308.
(pdftex.def)             Requested size: 71.45435pt x 34.1433pt.
File: files/missinglogo.pdf Graphic file (type pdf)

<use files/missinglogo.pdf>
Package pdftex.def Info: files/missinglogo.pdf used on input line 308.
(pdftex.def)             Requested size: 78.52913pt x 34.1433pt.
 [4 <./OP1/PlotLinearity.pdf> <./OP1/PlotDeviationLinearity.pdf

pdfTeX warning: pdflatex (file ./OP1/PlotDeviationLinearity.pdf): PDF inclusion
: multiple pdfs with page group included in a single page
>] <OP1/PlotHorizontalSpectrogramPRNU.pdf, id=379, 462.52798pt x 346.89601pt>
File: OP1/PlotHorizontalSpectrogramPRNU.pdf Graphic file (type pdf)

<use OP1/PlotHorizontalSpectrogramPRNU.pdf>
Package pdftex.def Info: OP1/PlotHorizontalSpectrogramPRNU.pdf used on input li
ne 310.
(pdftex.def)             Requested size: 426.80832pt x 320.09132pt.

<OP1/PlotHorizontalSpectrogramDSNU.pdf, id=380, 462.52798pt x 346.89601pt>
File: OP1/PlotHorizontalSpectrogramDSNU.pdf Graphic file (type pdf)

<use OP1/PlotHorizontalSpectrogramDSNU.pdf>
Package pdftex.def Info: OP1/PlotHorizontalSpectrogramDSNU.pdf used on input li
ne 313.
(pdftex.def)             Requested size: 426.80832pt x 320.09132pt.
File: files/EMVA1288Logo.pdf Graphic file (type pdf)
 <use files/EMVA1288Logo.pdf>
Package pdftex.def Info: files/EMVA1288Logo.pdf used on input line 316.
(pdftex.def)             Requested size: 71.45435pt x 34.1433pt.
File: files/missinglogo.pdf Graphic file (type pdf)

<use files/missinglogo.pdf>
Package pdftex.def Info: files/missinglogo.pdf used on input line 316.
(pdftex.def)             Requested size: 78.52913pt x 34.1433pt.
 [5 <./OP1/PlotHorizontalSpectrogramPRNU.pdf> <./OP1/PlotHorizontalSpectrogramD
SNU.pdf

pdfTeX warning: pdflatex (file ./OP1/PlotHorizontalSpectrogramDSNU.pdf): PDF in
clusion: multiple pdfs with page group included in a single page
>] <OP1/PlotVerticalSpectrogramPRNU.pdf, id=508, 462.52798pt x 346.89601pt>
File: OP1/PlotVerticalSpectrogramPRNU.pdf Graphic file (type pdf)

<use OP1/PlotVerticalSpectrogramPRNU.pdf>
Package pdftex.def Info: OP1/PlotVerticalSpectrogramPRNU.pdf used on input line
 318.
(pdftex.def)             Requested size: 426.80832pt x 320.09132pt.

<OP1/PlotVerticalSpectrogramDSNU.pdf, id=509, 462.52798pt x 346.89601pt>
File: OP1/PlotVerticalSpectrogramDSNU.pdf Graphic file (type pdf)

<use OP1/PlotVerticalSpectrogramDSNU.pdf>
Package pdftex.def Info: OP1/PlotVerticalSpectrogramDSNU.pdf used on input line
 321.
(pdftex.def)             Requested size: 426.80832pt x 320.09132pt.
File: files/EMVA1288Logo.pdf Graphic file (type pdf)
 <use files/EMVA1288Logo.pdf>
Package pdftex.def Info: files/EMVA1288Logo.pdf used on input line 324.
(pdftex.def)             Requested size: 71.45435pt x 34.1433pt.
File: files/missinglogo.pdf Graphic file (type pdf)

<use files/missinglogo.pdf>
Package pdftex.def Info: files/missinglogo.pdf used on input line 324.
(pdftex.def)             Requested size: 78.52913pt x 34.1433pt.
 [6 <./OP1/PlotVerticalSpectrogramPRNU.pdf> <./OP1/PlotVerticalSpectrogramDSNU.
pdf

pdfTeX warning: pdflatex (file ./OP1/PlotVerticalSpectrogramDSNU.pdf): PDF incl
usion: multiple pdfs with page group included in a single page
>] <OP1/PlotLogarithmicHistogramDSNU.pdf, id=635, 462.52798pt x 346.89601pt>
File: OP1/PlotLogarithmicHistogramDSNU.pdf Graphic file (type pdf)

<use OP1/PlotLogarithmicHistogramDSNU.pdf>
Package pdftex.def Info: OP1/PlotLogarithmicHistogramDSNU.pdf used on input lin
e 326.
(pdftex.def)             Requested size: 426.80832pt x 320.09132pt.

<OP1/PlotLogarithmicHistogramPRNU.pdf, id=636, 462.52798pt x 346.89601pt>
File: OP1/PlotLogarithmicHistogramPRNU.pdf Graphic file (type pdf)

<use OP1/PlotLogarithmicHistogramPRNU.pdf>
Package pdftex.def Info: OP1/PlotLogarithmicHistogramPRNU.pdf used on input lin
e 329.
(pdftex.def)             Requested size: 426.80832pt x 320.09132pt.
File: files/EMVA1288Logo.pdf Graphic file (type pdf)
 <use files/EMVA1288Logo.pdf>
Package pdftex.def Info: files/EMVA1288Logo.pdf used on input line 332.
(pdftex.def)             Requested size: 71.45435pt x 34.1433pt.
File: files/missinglogo.pdf Graphic file (type pdf)

<use files/missinglogo.pdf>
Package pdftex.def Info: files/missinglogo.pdf used on input line 332.
(pdftex.def)             Requested size: 78.52913pt x 34.1433pt.
 [7 <./OP1/PlotLogarithmicHistogramDSNU.pdf> <./OP1/PlotLogarithmicHistogramPRN
U.pdf

pdfTeX warning: pdflatex (file ./OP1/PlotLogarithmicHistogramPRNU.pdf): PDF inc
lusion: multiple pdfs with page group included in a single page
>]
<OP1/PlotAccumulatedLogHistogramDSNU.pdf, id=729, 462.52798pt x 346.89601pt>
File: OP1/PlotAccumulatedLogHistogramDSNU.pdf Graphic file (type pdf)

<use OP1/PlotAccumulatedLogHistogramDSNU.pdf>
Package pdftex.def Info: OP1/PlotAccumulatedLogHistogramDSNU.pdf used on input 
line 334.
(pdftex.def)             Requested size: 426.80832pt x 320.09132pt.

<OP1/PlotAccumulatedLogHistogramPRNU.pdf, id=730, 462.52798pt x 346.89601pt>
File: OP1/PlotAccumulatedLogHistogramPRNU.pdf Graphic file (type pdf)

<use OP1/PlotAccumulatedLogHistogramPRNU.pdf>
Package pdftex.def Info: OP1/PlotAccumulatedLogHistogramPRNU.pdf used on input 
line 337.
(pdftex.def)             Requested size: 426.80832pt x 320.09132pt.
File: files/EMVA1288Logo.pdf Graphic file (type pdf)
 <use files/EMVA1288Logo.pdf>
Package pdftex.def Info: files/EMVA1288Logo.pdf used on input line 340.
(pdftex.def)             Requested size: 71.45435pt x 34.1433pt.
File: files/missinglogo.pdf Graphic file (type pdf)

<use files/missinglogo.pdf>
Package pdftex.def Info: files/missinglogo.pdf used on input line 340.
(pdftex.def)             Requested size: 78.52913pt x 34.1433pt.
 [8 <./OP1/PlotAccumulatedLogHistogramDSNU.pdf> <./OP1/PlotAccumulatedLogHistog
ramPRNU.pdf

pdfTeX warning: pdflatex (file ./OP1/PlotAccumulatedLogHistogramPRNU.pdf): PDF 
inclusion: multiple pdfs with page group included in a single page
>] <OP1/PlotHorizontalProfile.pdf, id=824, 462.52798pt x 346.89601pt>
File: OP1/PlotHorizontalProfile.pdf Graphic file (type pdf)

<use OP1/PlotHorizontalProfile.pdf>
Package pdftex.def Info: OP1/PlotHorizontalProfile.pdf used on input line 342.
(pdftex.def)             Requested size: 426.80832pt x 320.09132pt.

<OP1/PlotVerticalProfile.pdf, id=825, 462.52798pt x 346.89601pt>
File: OP1/PlotVerticalProfile.pdf Graphic file (type pdf)

<use OP1/PlotVerticalProfile.pdf>
Package pdftex.def Info: OP1/PlotVerticalProfile.pdf used on input line 345.
(pdftex.def)             Requested size: 426.80832pt x 320.09132pt.
 
AED: lastpage setting LastPage
File: files/EMVA1288Logo.pdf Graphic file (type pdf)
<use files/EMVA1288Logo.pdf>
Package pdftex.def Info: files/EMVA1288Logo.pdf used on input line 352.
(pdftex.def)             Requested size: 71.45435pt x 34.1433pt.
File: files/missinglogo.pdf Graphic file (type pdf)
 <use files/missinglogo.pdf>
Package pdftex.def Info: files/missinglogo.pdf used on input line 352.
(pdftex.def)             Requested size: 78.52913pt x 34.1433pt.
 [9 <./OP1/PlotHorizontalProfile.pdf> <./OP1/PlotVerticalProfile.pdf

pdfTeX warning: pdflatex (file ./OP1/PlotVerticalProfile.pdf): PDF inclusion: m
ultiple pdfs with page group included in a single page
>]
Package atveryend Info: Empty hook `BeforeClearDocument' on input line 352.
Package atveryend Info: Executing hook `AfterLastShipout' on input line 352.
 (./report.xwm) (./report.aux)
Package atveryend Info: Executing hook `AtVeryEndDocument' on input line 352.
Package atveryend Info: Executing hook `AtEndAfterFileList' on input line 352.
Package rerunfilecheck Info: File `report.out' has not changed.
(rerunfilecheck)             Checksum: D41D8CD98F00B204E9800998ECF8427E;0.
Package atveryend Info: Empty hook `AtVeryVeryEnd' on input line 352.
 ) 
Here is how much of TeX's memory you used:
 19603 strings out of 495000
 372184 string characters out of 6181169
 465727 words of memory out of 5000000
 22485 multiletter control sequences out of 15000+600000
 41116 words of font info for 35 fonts, out of 8000000 for 9000
 14 hyphenation exceptions out of 8191
 65i,15n,66p,408b,721s stack positions out of 5000i,500n,10000p,200000b,80000s
{/usr/share/texmf/fonts/enc/dvips/lm/lm-ec.enc}{/usr/share/texmf/fonts/enc/dv
ips/lm/lm-rm.enc}{/usr/share/texmf/fonts/enc/dvips/lm/lm-mathit.enc}{/usr/share
/texmf/fonts/enc/dvips/lm/lm-mathsy.enc}</usr/share/texmf/fonts/type1/public/lm
/lmbx12.pfb></usr/share/texmf/fonts/type1/public/lm/lmbx8.pfb></usr/share/texmf
/fonts/type1/public/lm/lmbxo10.pfb></usr/share/texmf/fonts/type1/public/lm/lmmi
6.pfb></usr/share/texmf/fonts/type1/public/lm/lmmi8.pfb></usr/share/texmf/fonts
/type1/public/lm/lmr12.pfb></usr/share/texmf/fonts/type1/public/lm/lmr6.pfb></u
sr/share/texmf/fonts/type1/public/lm/lmr8.pfb></usr/share/texmf/fonts/type1/pub
lic/lm/lmro8.pfb></usr/share/texmf/fonts/type1/public/lm/lmss8.pfb></usr/share/
texmf/fonts/type1/public/lm/lmssbx10.pfb></usr/share/texmf/fonts/type1/public/l
m/lmsy6.pfb>
Output written on report.pdf (9 pages, 664978 bytes).
PDF statistics:
 957 PDF objects out of 1000 (max. 8388607)
 237 compressed objects within 3 object streams
 10 named destinations out of 1000 (max. 500000)
 108 words of extra memory for PDF output out of 10000 (max. 10000000)

