\BOOKMARK [0][-]{chapter.1}{\376\377\000I\000n\000s\000t\000a\000l\000l\000a\000t\000i\000o\000n}{}% 1
\BOOKMARK [1][-]{section.1.1}{\376\377\000E\000x\000t\000e\000r\000n\000a\000l\000\040\000r\000e\000q\000u\000i\000r\000e\000m\000e\000n\000t\000s}{chapter.1}% 2
\BOOKMARK [1][-]{section.1.2}{\376\377\000v\000i\000a\000\040\000P\000y\000P\000I}{chapter.1}% 3
\BOOKMARK [1][-]{section.1.3}{\376\377\000v\000i\000a\000\040\000g\000i\000t\000h\000u\000b}{chapter.1}% 4
\BOOKMARK [0][-]{chapter.2}{\376\377\000O\000v\000e\000r\000v\000i\000e\000w}{}% 5
\BOOKMARK [1][-]{section.2.1}{\376\377\000M\000o\000t\000i\000v\000a\000t\000i\000o\000n}{chapter.2}% 6
\BOOKMARK [1][-]{section.2.2}{\376\377\000M\000o\000d\000e\000l\000\040\000w\000r\000i\000t\000i\000n\000g}{chapter.2}% 7
\BOOKMARK [2][-]{subsection.2.2.1}{\376\377\000o\000p\000t\000i\000o\000n\000a\000l\000\040\000a\000r\000g\000u\000m\000e\000n\000t\000s\000\040\000:\000\040\000f\000i\000e\000l\000d\000s\000\040\000a\000n\000d\000\040\000p\000a\000r\000a\000m\000e\000t\000e\000r\000s}{section.2.2}% 8
\BOOKMARK [1][-]{section.2.3}{\376\377\000M\000o\000d\000e\000l\000\040\000c\000o\000m\000p\000i\000l\000a\000t\000i\000o\000n}{chapter.2}% 9
\BOOKMARK [1][-]{section.2.4}{\376\377\000F\000i\000e\000l\000d\000s\000\040\000c\000o\000n\000t\000a\000i\000n\000e\000r\000s}{chapter.2}% 10
\BOOKMARK [1][-]{section.2.5}{\376\377\000N\000u\000m\000e\000r\000i\000c\000a\000l\000\040\000s\000c\000h\000e\000m\000e\000,\000\040\000t\000e\000m\000p\000o\000r\000a\000l\000\040\000s\000o\000l\000v\000e\000r}{chapter.2}% 11
\BOOKMARK [2][-]{subsection.2.5.1}{\376\377\000h\000o\000o\000k\000\040\000a\000n\000d\000\040\000b\000o\000u\000n\000d\000a\000r\000y\000\040\000c\000o\000n\000d\000i\000t\000i\000o\000n\000s}{section.2.5}% 12
\BOOKMARK [1][-]{section.2.6}{\376\377\000S\000i\000m\000u\000l\000a\000t\000i\000o\000n\000\040\000c\000l\000a\000s\000s\000:\000\040\000h\000i\000g\000h\000e\000r\000\040\000l\000e\000v\000e\000l\000\040\000c\000o\000n\000t\000r\000o\000l}{chapter.2}% 13
\BOOKMARK [2][-]{subsection.2.6.1}{\376\377\000D\000i\000s\000p\000l\000a\000y\000s}{section.2.6}% 14
\BOOKMARK [0][-]{chapter.3}{\376\377\000T\000e\000m\000p\000o\000r\000a\000l\000\040\000s\000c\000h\000e\000m\000e\000s}{}% 15
\BOOKMARK [1][-]{section.3.1}{\376\377\000L\000i\000s\000t\000\040\000o\000f\000\040\000a\000v\000a\000i\000l\000a\000b\000l\000e\000\040\000s\000c\000h\000e\000m\000e\000s}{chapter.3}% 16
\BOOKMARK [2][-]{subsection.3.1.1}{\376\377\000s\000c\000h\000e\000m\000e\000s\000.\000T\000h\000e\000t\000a}{section.3.1}% 17
\BOOKMARK [2][-]{subsection.3.1.2}{\376\377\000s\000c\000h\000e\000m\000e\000s\000.\000s\000c\000i\000p\000y\000\137\000o\000d\000e}{section.3.1}% 18
\BOOKMARK [2][-]{subsection.3.1.3}{\376\377\000s\000c\000h\000e\000m\000e\000s\000.\000R\000O\000W\000\137\000g\000e\000n\000e\000r\000a\000l}{section.3.1}% 19
\BOOKMARK [1][-]{section.3.2}{\376\377\000I\000n\000t\000e\000r\000n\000a\000l\000\040\000s\000t\000r\000u\000c\000t\000u\000r\000e\000\040\000o\000f\000\040\000a\000\040\000s\000c\000h\000e\000m\000e}{chapter.3}% 20
\BOOKMARK [0][-]{chapter.4}{\376\377\000D\000i\000s\000p\000l\000a\000y\000s}{}% 21
\BOOKMARK [1][-]{section.4.1}{\376\377\000d\000i\000s\000p\000l\000a\000y\000s\000\040\000o\000b\000j\000e\000c\000t\000s}{chapter.4}% 22
\BOOKMARK [1][-]{section.4.2}{\376\377\000b\000u\000i\000l\000t\000-\000i\000n\000\040\000d\000i\000s\000p\000l\000a\000y\000s}{chapter.4}% 23
\BOOKMARK [2][-]{subsection.4.2.1}{\376\377\000b\000o\000k\000e\000h\000\040\000d\000i\000s\000p\000l\000a\000y\000s}{section.4.2}% 24
\BOOKMARK [3][-]{subsubsection.4.2.1.1}{\376\377\000f\000i\000e\000l\000d\000\040\000d\000i\000s\000p\000l\000a\000y}{subsection.4.2.1}% 25
\BOOKMARK [3][-]{subsubsection.4.2.1.2}{\376\377\000p\000r\000o\000b\000e\000\040\000d\000i\000s\000p\000l\000a\000y}{subsection.4.2.1}% 26
\BOOKMARK [0][-]{chapter.5}{\376\377\000C\000o\000o\000k\000b\000o\000o\000k}{}% 27
\BOOKMARK [1][-]{section.5.1}{\376\377\000T\000h\000e\000\040\000c\000o\000n\000v\000e\000c\000t\000i\000o\000n\000\040\000d\000i\000f\000f\000u\000s\000i\000o\000n\000\040\000e\000q\000u\000a\000t\000i\000o\000n}{chapter.5}% 28
\BOOKMARK [1][-]{section.5.2}{\376\377\000T\000h\000e\000\040\000b\000u\000r\000g\000e\000r\000\040\000e\000q\000u\000a\000t\000i\000o\000n}{chapter.5}% 29
\BOOKMARK [1][-]{section.5.3}{\376\377\000T\000h\000e\000\040\000b\000u\000r\000g\000e\000r\000\040\000-\000\040\000k\000d\000v\000\040\000e\000q\000u\000a\000t\000i\000o\000n}{chapter.5}% 30
\BOOKMARK [1][-]{section.5.4}{\376\377\000W\000a\000v\000e\000\040\000e\000q\000u\000a\000t\000i\000o\000n}{chapter.5}% 31
\BOOKMARK [1][-]{section.5.5}{\376\377\000C\000o\000u\000p\000l\000e\000d\000\040\000b\000u\000r\000g\000e\000r\000'\000s\000-\000l\000i\000k\000e\000\040\000e\000q\000u\000a\000t\000i\000o\000n\000s}{chapter.5}% 32
\BOOKMARK [0][-]{chapter.6}{\376\377\000C\000o\000n\000t\000r\000i\000b\000u\000t\000i\000o\000n\000\040\000g\000u\000i\000d\000e}{}% 33
\BOOKMARK [1][-]{section.6.1}{\376\377\000M\000i\000n\000o\000r\000\040\000C\000o\000n\000t\000r\000i\000b\000u\000t\000i\000o\000n}{chapter.6}% 34
\BOOKMARK [1][-]{section.6.2}{\376\377\000M\000a\000k\000e}{chapter.6}% 35
\BOOKMARK [1][-]{section.6.3}{\376\377\000T\000e\000s\000t\000i\000n\000g}{chapter.6}% 36
\BOOKMARK [1][-]{section.6.4}{\376\377\000S\000t\000y\000l\000e\000\040\000g\000u\000i\000d\000e}{chapter.6}% 37
\BOOKMARK [1][-]{section.6.5}{\376\377\000R\000o\000a\000d\000m\000a\000p}{chapter.6}% 38
\BOOKMARK [0][-]{chapter.7}{\376\377\000t\000r\000i\000f\000l\000o\000w}{}% 39
\BOOKMARK [1][-]{section.7.1}{\376\377\000t\000r\000i\000f\000l\000o\000w\000\040\000p\000a\000c\000k\000a\000g\000e}{chapter.7}% 40
\BOOKMARK [2][-]{subsection.7.1.1}{\376\377\000S\000u\000b\000p\000a\000c\000k\000a\000g\000e\000s}{section.7.1}% 41
\BOOKMARK [3][-]{subsubsection.7.1.1.1}{\376\377\000t\000r\000i\000f\000l\000o\000w\000.\000c\000o\000r\000e\000\040\000p\000a\000c\000k\000a\000g\000e}{subsection.7.1.1}% 42
\BOOKMARK [3][-]{subsubsection.7.1.1.2}{\376\377\000t\000r\000i\000f\000l\000o\000w\000.\000p\000l\000u\000g\000i\000n\000s\000\040\000p\000a\000c\000k\000a\000g\000e}{subsection.7.1.1}% 43
\BOOKMARK [2][-]{subsection.7.1.2}{\376\377\000M\000o\000d\000u\000l\000e\000\040\000c\000o\000n\000t\000e\000n\000t\000s}{section.7.1}% 44
\BOOKMARK [0][-]{chapter.8}{\376\377\000I\000n\000d\000i\000c\000e\000s\000\040\000a\000n\000d\000\040\000t\000a\000b\000l\000e\000s}{}% 45
\BOOKMARK [0][-]{section*.77}{\376\377\000P\000y\000t\000h\000o\000n\000\040\000M\000o\000d\000u\000l\000e\000\040\000I\000n\000d\000e\000x}{}% 46
\BOOKMARK [0][-]{section*.78}{\376\377\000I\000n\000d\000e\000x}{}% 47
