  248.2    83.3
  346.5    80.4
  220.2    71.7
    4.8    73.0
  203.4    76.0
   32.1    74.6
   88.0    68.6
  215.0    79.8
  243.2    65.9
  276.6    78.3
  246.5    82.8
  238.6    81.7
  311.9    75.1
  331.9    79.5
   53.2    74.3
  164.0    70.0
  166.6    74.9
  312.7    75.0
  327.6    75.4
  186.1    78.3
  359.6    79.0
  289.4    65.4
  356.3    61.8
  243.7    69.4
  117.5    77.7
  186.0    83.8
   83.0    76.2
  191.4    81.2
   67.2    72.8
  349.7    85.8
  212.1    75.5
  128.0    54.4
  280.8    54.5
   29.9    83.6
   26.3    73.7
  312.9    61.7
  202.0    68.7
  272.5    74.7
  305.7    54.7
   70.7    74.0
  253.6    67.2
  266.6    81.3
  350.4    83.9
  265.2    70.0
  301.3    64.2
  234.4    84.5
   81.3    74.0
  318.4    82.0
  321.5    60.0
  170.8    79.6
  270.6    80.5
  308.5    63.5
  101.2    79.7
   61.4    69.8
  177.0    79.5
    6.5    72.3
  180.2    79.5
   25.5    78.6
  353.6    59.4
  334.7    53.0
   62.7    64.9
  245.4    56.6
  112.0    83.0
    0.5    67.5
  290.3    72.7
  151.0    82.0
  331.4    66.9
   47.3    74.4
  321.0    74.5
  335.5    80.7
  142.1    81.9
   30.4    81.6
  117.0    75.4
  257.9    76.9
  313.4    74.9
  321.8    83.9
  297.0    48.6
  357.0    84.9
   75.6    69.5
   92.8    85.7
  179.3    72.7
  327.9    65.1
   13.9    79.1
  147.3    81.8
  340.7    56.2
  116.5    79.4
   47.1    77.8
  221.0    71.4
  333.3    79.3
  122.7    81.4
  325.9    80.6
  351.9    82.4
  314.8    75.5
  128.3    86.1
    2.3    59.8
  260.0    68.0
  153.7    83.8
   72.4    45.8
  155.8    84.4
  141.3    86.6
