11.354128
10.823623
10.507595
5.584173
9.342342
12.769787
7.205002
14.341000
8.433640
4.234838
14.683223
9.786219
10.123541
5.011485
11.202477
3.042223
9.236303
12.848687
11.186072
8.279312
11.856934
7.105486
9.154710
8.969891
5.335346
4.082850
8.371857
10.028365
13.732128
5.670457
11.233855
2.402827
8.027063
13.472401
11.188713
10.226693
8.548638
13.983896
16.409288
6.885232
6.823129
12.579829
6.373554
8.777725
9.173180
3.604323
11.396584
8.630999
9.145913
7.701983
12.538906
6.943626
5.400359
4.380028
10.406273
10.807866
8.772165
8.305532
10.642141
6.958924
9.022800
11.193639
7.934924
8.038765
9.269480
7.462580
10.971205
10.867648
13.028749
7.752065
6.654311
11.689693
7.832034
4.867055
10.265434
12.742634
6.143895
8.289339
13.008593
10.470921
10.188386
11.408945
4.982151
8.041578
8.921872
8.365369
13.896765
14.249472
15.262875
12.394428
5.399861
7.212172
12.685140
11.151125
12.321550
4.516246
14.362653
13.595649
13.356745
9.296048
8.857483
4.103698
10.051170
10.912253
14.604341
11.569779
12.799748
7.518469
7.389719
10.598505
8.516582
14.584396
10.068977
12.798487
10.277986
12.682025
8.768549
6.162317
12.259122
10.099636
15.350773
13.135197
10.935726
4.485351
14.064536
9.419716
8.022181
9.272895
8.253102
11.218141
8.736972
9.711923
10.764264
7.312928
9.730889
13.630813
11.169278
14.476519
12.757876
14.355873
8.986165
8.856391
9.138866
10.498592
13.628667
8.792356
5.607297
4.016904
16.763107
3.126001
10.701809
8.208256
15.563307
12.542981
13.500291
12.158168
4.897398
10.234770
13.759449
8.331289
12.844921
8.387920
11.977093
6.937562
9.500399
9.096057
10.870955
6.227882
9.373004
8.741011
8.459672
12.124527
8.575677
8.471122
13.889072
11.952187
7.696078
9.339917
8.921365
5.635480
12.366398
5.216776
11.599528
10.941894
9.635608
9.212096
11.559268
8.350623
7.692400
9.803528
10.284686
10.065062
9.360089
7.457878
5.056832
12.693216
13.548404
10.174887
9.926467
5.536305
9.962970
10.050515
10.854142
11.275776
5.194362
10.284161
9.187709
5.682768
9.624197
8.122926
12.755806
10.313734
8.451919
9.750657
11.315843
12.007687
5.462450
12.944597
12.081377
6.419249
11.021161
8.010297
11.498500
15.447104
7.742262
6.349164
12.865584
8.140725
6.014237
9.109215
7.781429
8.021109
15.299312
10.102353
9.200829
11.551922
11.094857
6.062833
6.916047
13.153356
9.201578
7.124980
11.732874
12.944162
11.063098
12.469812
8.618644
12.372957
14.369492
7.362589
5.200365
9.115986
15.104252
6.213613
8.933923
2.552540
11.307475
10.668689
9.829696
10.064920
9.364872
6.105636
2.573844
8.618837
11.973341
8.872532
8.407685
5.105313
16.328951
11.073698
10.307133
9.520202
8.686153
10.393918
10.879010
9.863458
10.123777
6.992365
9.042105
11.240302
13.928171
3.962497
10.145984
14.297835
11.229688
4.300269
7.281093
9.890895
12.152054
11.638496
7.483291
8.800115
13.521561
16.581920
5.457195
7.480787
13.256025
3.938430
4.911381
6.228293
12.299658
11.017310
8.595400
5.810964
12.226404
10.311482
15.284430
8.308011
5.570189
15.438127
9.208880
11.642226
10.105515
11.314923
8.738855
5.749955
10.032634
13.155814
3.550726
8.227924
9.237546
10.114999
13.170895
9.100223
11.032707
6.853576
5.611214
13.645074
10.369507
8.038479
11.009196
11.017239
11.310349
7.928665
9.718378
6.627945
5.008317
9.779402
13.301322
14.485277
4.842649
6.158097
10.159048
14.248809
12.574923
8.766082
11.061424
7.909601
5.220419
11.852522
12.280647
9.743881
9.680526
11.961956
9.964315
7.814825
12.431458
10.487782
7.127984
9.079772
8.700235
13.942420
10.219646
6.293230
11.221960
13.726427
12.298037
11.717295
5.524859
11.350467
8.059375
11.950676
7.984123
10.080328
12.038534
8.017088
8.795900
10.319604
6.801322
10.721021
14.338201
9.855893
13.038191
4.437170
7.641541
8.205764
6.012528
12.785003
5.934552
11.619258
10.073784
14.385838
13.036610
9.565841
8.792331
8.915295
12.520291
8.985523
11.037702
9.704630
4.286534
8.110707
8.156158
12.080556
11.989780
12.055604
9.962383
8.365358
5.931721
11.623020
8.024453
6.483377
15.344073
13.237233
9.670289
5.216871
12.308541
7.500923
13.494332
11.853776
8.875459
7.555176
9.950017
11.091957
13.258852
10.070124
4.174978
9.638218
3.004038
10.495730
14.102994
7.401707
5.868155
12.950694
13.476073
10.741427
9.080036
11.269454
10.704294
10.994327
9.752880
13.459712
11.373936
8.342738
11.718726
9.193088
9.262034
11.007900
8.683418
7.216339
10.001104
12.752730
13.105775
11.202323
11.016976
8.881315
14.278823
5.567329
10.545136
10.908372
9.791583
6.451932
10.780596
9.394090
10.810840
14.497901
9.027039
6.181458
9.174745
9.325675
9.246231
9.277193
8.326380
4.600744
6.745908
9.595491
14.390236
12.427156
8.091392
10.532297
11.582888
7.764273
9.160663
12.585950
7.215690
11.098092
13.290907
13.279038
10.397490
10.031391
19.101291
13.827459
7.865249
13.539464
12.792180
7.143673
10.319895
13.632340
12.631437
14.478434
12.151167
8.537066
11.111504
6.811143
5.416881
8.487507
7.189537
10.544369
13.085437
5.289805
11.323233
10.311127
12.472015
11.570895
15.559583
7.274580
10.327388
6.129107
12.784158
10.492465
5.589080
16.703863
9.544819
12.020515
14.325627
7.700702
7.994255
15.713702
7.791669
9.646460
9.853921
11.527476
10.874129
9.205969
9.482217
3.976916
12.267313
12.136505
9.048267
10.044900
7.915069
12.291816
9.074437
8.907986
15.506397
12.953032
12.783276
8.955174
12.643159
5.919507
3.615849
13.564322
8.279554
7.206474
9.033254
12.421148
10.188702
13.442386
12.409175
9.496405
4.703547
11.796709
11.207326
4.117538
10.625029
10.691737
10.345431
6.954482
14.562591
7.468560
7.600772
6.507159
3.578822
2.797120
6.671121
9.267146
8.620772
13.282615
10.608966
7.382887
8.624664
11.437694
11.174015
9.413876
8.376666
8.949316
12.562128
15.542542
13.825940
11.640170
9.407144
6.587799
9.707340
10.465582
6.775766
8.014799
10.620196
8.375377
3.287244
8.849152
10.856063
11.693971
10.676624
7.934329
12.206916
14.568125
10.003769
4.966909
12.814102
10.012811
6.553103
13.378140
9.278886
9.058755
9.433075
5.921166
13.826015
8.854807
9.444470
14.639021
9.190169
5.865828
9.652239
14.666182
13.892715
15.889225
11.985353
10.207104
14.817486
13.510116
7.725581
4.771568
12.435050
10.697010
14.193858
14.608544
5.886794
8.934968
11.163107
6.597048
11.244753
9.588545
2.404508
13.197018
13.783224
11.653126
13.959486
8.553337
12.504114
6.533075
5.058959
8.018047
13.178635
7.908220
11.161686
13.803682
8.747001
5.142125
8.259241
10.473949
6.164489
8.886129
9.193009
11.439361
7.019824
10.699350
8.497433
11.487844
12.705798
12.877862
15.935511
7.082920
6.575185
13.012137
9.182444
13.389061
12.304674
7.285579
14.673495
9.598320
9.145559
10.549105
10.514736
7.767534
5.999172
14.336830
7.646190
9.731276
12.629308
8.995930
11.156132
18.558216
6.421488
9.336682
10.652458
7.362710
15.164321
5.424972
9.568338
8.997895
9.324917
6.928499
5.386599
8.731191
9.053986
11.608282
7.845734
6.363184
5.333638
15.652983
14.056710
10.064463
3.172729
8.684951
10.844516
12.004798
11.418051
10.876829
11.829055
7.954820
8.482685
10.377723
10.682300
9.868253
8.723664
8.656400
11.295968
8.540463
14.452458
8.013660
11.199020
12.637148
8.182215
7.440577
7.852689
3.603059
5.637016
8.868615
11.503732
8.156538
10.603793
9.017713
8.000199
7.579187
9.756397
12.459116
7.944329
9.064624
10.077398
8.013617
11.379968
11.344145
13.743973
9.019536
8.133351
6.177618
11.927185
10.158585
11.050392
11.452319
5.548425
7.763471
4.830554
11.011807
7.133278
8.091024
11.803455
13.484165
11.835737
5.331984
7.767379
6.091151
12.877119
6.452971
13.771900
16.607526
16.911924
3.762348
8.820104
9.329192
5.232804
9.527052
6.945323
7.002518
7.990667
9.567128
11.035869
14.854054
12.331145
10.789178
8.199606
15.306282
11.087956
9.939131
11.390853
9.790025
13.449332
7.155175
12.391190
13.828356
10.105416
14.387141
11.405522
1.393184
8.573170
7.748695
15.647423
14.131355
9.610401
8.781761
9.686187
8.907480
13.375840
7.017490
8.855763
8.586640
8.358005
4.741590
8.806974
8.595424
10.447163
16.871119
7.396502
13.398513
10.330435
11.088637
13.119889
6.899483
5.709505
10.210479
7.377988
6.440772
7.927787
15.759959
6.414154
6.713582
4.105323
9.549002
8.873170
10.567158
5.399717
8.580320
8.542068
10.035420
8.413049
9.590338
11.423874
10.209501
10.507731
8.515947
9.186239
14.360289
1.754350
5.841395
8.661688
10.820768
9.365641
11.004166
10.953464
7.113514
11.287206
6.567482
6.702770
11.421691
11.747308
12.996727
8.360715
15.062354
8.368807
10.999303
12.639355
7.490046
15.589819
11.071057
12.897278
9.856395
6.094865
8.088750
13.552938
10.182623
13.162947
10.030913
16.606428
10.241583
12.287814
10.593641
7.983221
13.699232
12.453877
10.510033
8.619755
9.313109
13.467703
9.990321
10.767656
12.477186
6.182174
10.930743
9.536950
10.140120
9.762064
8.178419
6.736164
8.828623
4.606541
7.155386
8.839294
8.103881
9.721177
10.265277
13.927854
11.322585
14.353827
8.864424
11.211391
5.157404
6.666991
9.488918
10.469547
6.473585
11.773879
11.050131
14.657434
14.084361
15.235018
10.288723
11.589188
14.247920
7.334470
15.273708
15.995471
2.697516
9.762964
16.067261
9.958546
7.997134
5.947762
8.916843
10.294490
8.838599
13.495609
8.090903
7.479719
9.564674
8.432006
9.654165
5.125070
12.446367
11.006021
14.816700
7.872521
10.454297
9.850361
8.006271
8.259977
4.147153
13.518811
5.594066
11.503224
7.356055
7.244996
6.486539
11.579267
11.716181
9.007118
11.248078
4.816348
8.160779
9.468110
10.170107
5.603999
10.017641
8.360349
14.156011
11.858148
12.696116
8.600952
7.662043
11.851654
14.413527
14.050718
12.565497
10.576420
10.289107
9.961146
13.699110
7.660479
8.837737
11.171356
6.804040
10.766443
11.521574
5.684134
2.899673
12.159364
9.505501
12.813563
5.944766
15.948114
11.784505
